Determining if the system is big endian passed with the following output:
Change Dir: /home/clme1717/Git/dbAccess/libs/mariadb/mariadb-connector-c-3.0.2-src/CMakeFiles/CMakeTmp

Run Build Command:"/usr/bin/make" "cmTC_867e7/fast"
/usr/bin/make -f CMakeFiles/cmTC_867e7.dir/build.make CMakeFiles/cmTC_867e7.dir/build
make[1]: Entering directory '/home/clme1717/Git/dbAccess/libs/mariadb/mariadb-connector-c-3.0.2-src/CMakeFiles/CMakeTmp'
Building C object CMakeFiles/cmTC_867e7.dir/TestEndianess.c.o
/usr/bin/cc    -Wunused -Wno-uninitialized -Wall -Wextra -Wformat-security -Wno-init-self -Wwrite-strings -Wshift-count-overflow -Wdeclaration-after-statement    -o CMakeFiles/cmTC_867e7.dir/TestEndianess.c.o   -c /home/clme1717/Git/dbAccess/libs/mariadb/mariadb-connector-c-3.0.2-src/CMakeFiles/CMakeTmp/TestEndianess.c
Linking C executable cmTC_867e7
/usr/bin/cmake -E cmake_link_script CMakeFiles/cmTC_867e7.dir/link.txt --verbose=1
/usr/bin/cc   -Wunused -Wno-uninitialized -Wall -Wextra -Wformat-security -Wno-init-self -Wwrite-strings -Wshift-count-overflow -Wdeclaration-after-statement     CMakeFiles/cmTC_867e7.dir/TestEndianess.c.o  -o cmTC_867e7 -rdynamic 
make[1]: Leaving directory '/home/clme1717/Git/dbAccess/libs/mariadb/mariadb-connector-c-3.0.2-src/CMakeFiles/CMakeTmp'

TestEndianess.c:
/* A 16 bit integer is required. */
typedef unsigned short cmakeint16;

/* On a little endian machine, these 16bit ints will give "THIS IS LITTLE ENDIAN."
   On a big endian machine the characters will be exchanged pairwise. */
const cmakeint16 info_little[] =  {0x4854, 0x5349, 0x4920, 0x2053, 0x494c, 0x5454, 0x454c, 0x4520, 0x444e, 0x4149, 0x2e4e, 0x0000};

/* on a big endian machine, these 16bit ints will give "THIS IS BIG ENDIAN."
   On a little endian machine the characters will be exchanged pairwise. */
const cmakeint16 info_big[] =     {0x5448, 0x4953, 0x2049, 0x5320, 0x4249, 0x4720, 0x454e, 0x4449, 0x414e, 0x2e2e, 0x0000};

#ifdef __CLASSIC_C__
int main(argc, argv) int argc; char *argv[];
#else
int main(int argc, char *argv[])
#endif
{
  int require = 0;
  require += info_little[argc];
  require += info_big[argc];
  (void)argv;
  return require;
}


Determining if the function dlopen exists failed with the following output:
Change Dir: /home/clme1717/Git/dbAccess/libs/mariadb/mariadb-connector-c-3.0.2-src/CMakeFiles/CMakeTmp

Run Build Command:"/usr/bin/make" "cmTC_9b01e/fast"
/usr/bin/make -f CMakeFiles/cmTC_9b01e.dir/build.make CMakeFiles/cmTC_9b01e.dir/build
make[1]: Entering directory '/home/clme1717/Git/dbAccess/libs/mariadb/mariadb-connector-c-3.0.2-src/CMakeFiles/CMakeTmp'
Building C object CMakeFiles/cmTC_9b01e.dir/CheckFunctionExists.c.o
/usr/bin/cc    -Wunused -Wno-uninitialized -Wall -Wextra -Wformat-security -Wno-init-self -Wwrite-strings -Wshift-count-overflow -Wdeclaration-after-statement -DCHECK_FUNCTION_EXISTS=dlopen   -o CMakeFiles/cmTC_9b01e.dir/CheckFunctionExists.c.o   -c /usr/share/cmake-3.5/Modules/CheckFunctionExists.c
Linking C executable cmTC_9b01e
/usr/bin/cmake -E cmake_link_script CMakeFiles/cmTC_9b01e.dir/link.txt --verbose=1
/usr/bin/cc   -Wunused -Wno-uninitialized -Wall -Wextra -Wformat-security -Wno-init-self -Wwrite-strings -Wshift-count-overflow -Wdeclaration-after-statement -DCHECK_FUNCTION_EXISTS=dlopen    CMakeFiles/cmTC_9b01e.dir/CheckFunctionExists.c.o  -o cmTC_9b01e -rdynamic 
CMakeFiles/cmTC_9b01e.dir/CheckFunctionExists.c.o: In function `main':
CheckFunctionExists.c:(.text+0x15): undefined reference to `dlopen'
collect2: error: ld returned 1 exit status
CMakeFiles/cmTC_9b01e.dir/build.make:97: recipe for target 'cmTC_9b01e' failed
make[1]: *** [cmTC_9b01e] Error 1
make[1]: Leaving directory '/home/clme1717/Git/dbAccess/libs/mariadb/mariadb-connector-c-3.0.2-src/CMakeFiles/CMakeTmp'
Makefile:126: recipe for target 'cmTC_9b01e/fast' failed
make: *** [cmTC_9b01e/fast] Error 2


Determining if the function floor exists failed with the following output:
Change Dir: /home/clme1717/Git/dbAccess/libs/mariadb/mariadb-connector-c-3.0.2-src/CMakeFiles/CMakeTmp

Run Build Command:"/usr/bin/make" "cmTC_c7b5b/fast"
/usr/bin/make -f CMakeFiles/cmTC_c7b5b.dir/build.make CMakeFiles/cmTC_c7b5b.dir/build
make[1]: Entering directory '/home/clme1717/Git/dbAccess/libs/mariadb/mariadb-connector-c-3.0.2-src/CMakeFiles/CMakeTmp'
Building C object CMakeFiles/cmTC_c7b5b.dir/CheckFunctionExists.c.o
/usr/bin/cc    -Wunused -Wno-uninitialized -Wall -Wextra -Wformat-security -Wno-init-self -Wwrite-strings -Wshift-count-overflow -Wdeclaration-after-statement -DCHECK_FUNCTION_EXISTS=floor   -o CMakeFiles/cmTC_c7b5b.dir/CheckFunctionExists.c.o   -c /usr/share/cmake-3.5/Modules/CheckFunctionExists.c
<command-line>:0:23: warning: conflicting types for built-in function ‘floor’
/usr/share/cmake-3.5/Modules/CheckFunctionExists.c:6:6: note: in expansion of macro ‘CHECK_FUNCTION_EXISTS’
 char CHECK_FUNCTION_EXISTS();
      ^
Linking C executable cmTC_c7b5b
/usr/bin/cmake -E cmake_link_script CMakeFiles/cmTC_c7b5b.dir/link.txt --verbose=1
/usr/bin/cc   -Wunused -Wno-uninitialized -Wall -Wextra -Wformat-security -Wno-init-self -Wwrite-strings -Wshift-count-overflow -Wdeclaration-after-statement -DCHECK_FUNCTION_EXISTS=floor    CMakeFiles/cmTC_c7b5b.dir/CheckFunctionExists.c.o  -o cmTC_c7b5b -rdynamic 
CMakeFiles/cmTC_c7b5b.dir/CheckFunctionExists.c.o: In function `main':
CheckFunctionExists.c:(.text+0x15): undefined reference to `floor'
collect2: error: ld returned 1 exit status
CMakeFiles/cmTC_c7b5b.dir/build.make:97: recipe for target 'cmTC_c7b5b' failed
make[1]: *** [cmTC_c7b5b] Error 1
make[1]: Leaving directory '/home/clme1717/Git/dbAccess/libs/mariadb/mariadb-connector-c-3.0.2-src/CMakeFiles/CMakeTmp'
Makefile:126: recipe for target 'cmTC_c7b5b/fast' failed
make: *** [cmTC_c7b5b/fast] Error 2


Determining if the function pthread_getspecific exists failed with the following output:
Change Dir: /home/clme1717/Git/dbAccess/libs/mariadb/mariadb-connector-c-3.0.2-src/CMakeFiles/CMakeTmp

Run Build Command:"/usr/bin/make" "cmTC_597c6/fast"
/usr/bin/make -f CMakeFiles/cmTC_597c6.dir/build.make CMakeFiles/cmTC_597c6.dir/build
make[1]: Entering directory '/home/clme1717/Git/dbAccess/libs/mariadb/mariadb-connector-c-3.0.2-src/CMakeFiles/CMakeTmp'
Building C object CMakeFiles/cmTC_597c6.dir/CheckFunctionExists.c.o
/usr/bin/cc    -Wunused -Wno-uninitialized -Wall -Wextra -Wformat-security -Wno-init-self -Wwrite-strings -Wshift-count-overflow -Wdeclaration-after-statement -DCHECK_FUNCTION_EXISTS=pthread_getspecific   -o CMakeFiles/cmTC_597c6.dir/CheckFunctionExists.c.o   -c /usr/share/cmake-3.5/Modules/CheckFunctionExists.c
Linking C executable cmTC_597c6
/usr/bin/cmake -E cmake_link_script CMakeFiles/cmTC_597c6.dir/link.txt --verbose=1
/usr/bin/cc   -Wunused -Wno-uninitialized -Wall -Wextra -Wformat-security -Wno-init-self -Wwrite-strings -Wshift-count-overflow -Wdeclaration-after-statement -DCHECK_FUNCTION_EXISTS=pthread_getspecific    CMakeFiles/cmTC_597c6.dir/CheckFunctionExists.c.o  -o cmTC_597c6 -rdynamic 
CMakeFiles/cmTC_597c6.dir/CheckFunctionExists.c.o: In function `main':
CheckFunctionExists.c:(.text+0x15): undefined reference to `pthread_getspecific'
collect2: error: ld returned 1 exit status
CMakeFiles/cmTC_597c6.dir/build.make:97: recipe for target 'cmTC_597c6' failed
make[1]: *** [cmTC_597c6] Error 1
make[1]: Leaving directory '/home/clme1717/Git/dbAccess/libs/mariadb/mariadb-connector-c-3.0.2-src/CMakeFiles/CMakeTmp'
Makefile:126: recipe for target 'cmTC_597c6/fast' failed
make: *** [cmTC_597c6/fast] Error 2


Determining if the function gethostbyname_r exists in the nsl_r failed with the following output:
Change Dir: /home/clme1717/Git/dbAccess/libs/mariadb/mariadb-connector-c-3.0.2-src/CMakeFiles/CMakeTmp

Run Build Command:"/usr/bin/make" "cmTC_8b05d/fast"
/usr/bin/make -f CMakeFiles/cmTC_8b05d.dir/build.make CMakeFiles/cmTC_8b05d.dir/build
make[1]: Entering directory '/home/clme1717/Git/dbAccess/libs/mariadb/mariadb-connector-c-3.0.2-src/CMakeFiles/CMakeTmp'
Building C object CMakeFiles/cmTC_8b05d.dir/CheckFunctionExists.c.o
/usr/bin/cc    -Wunused -Wno-uninitialized -Wall -Wextra -Wformat-security -Wno-init-self -Wwrite-strings -Wshift-count-overflow -Wdeclaration-after-statement -DCHECK_FUNCTION_EXISTS=gethostbyname_r   -o CMakeFiles/cmTC_8b05d.dir/CheckFunctionExists.c.o   -c /usr/share/cmake-3.5/Modules/CheckFunctionExists.c
Linking C executable cmTC_8b05d
/usr/bin/cmake -E cmake_link_script CMakeFiles/cmTC_8b05d.dir/link.txt --verbose=1
/usr/bin/cc   -Wunused -Wno-uninitialized -Wall -Wextra -Wformat-security -Wno-init-self -Wwrite-strings -Wshift-count-overflow -Wdeclaration-after-statement -DCHECK_FUNCTION_EXISTS=gethostbyname_r    CMakeFiles/cmTC_8b05d.dir/CheckFunctionExists.c.o  -o cmTC_8b05d -rdynamic -lnsl_r 
/usr/bin/ld: cannot find -lnsl_r
collect2: error: ld returned 1 exit status
CMakeFiles/cmTC_8b05d.dir/build.make:97: recipe for target 'cmTC_8b05d' failed
make[1]: *** [cmTC_8b05d] Error 1
make[1]: Leaving directory '/home/clme1717/Git/dbAccess/libs/mariadb/mariadb-connector-c-3.0.2-src/CMakeFiles/CMakeTmp'
Makefile:126: recipe for target 'cmTC_8b05d/fast' failed
make: *** [cmTC_8b05d/fast] Error 2


Determining if the function setsockopt exists in the socket failed with the following output:
Change Dir: /home/clme1717/Git/dbAccess/libs/mariadb/mariadb-connector-c-3.0.2-src/CMakeFiles/CMakeTmp

Run Build Command:"/usr/bin/make" "cmTC_0b6b4/fast"
/usr/bin/make -f CMakeFiles/cmTC_0b6b4.dir/build.make CMakeFiles/cmTC_0b6b4.dir/build
make[1]: Entering directory '/home/clme1717/Git/dbAccess/libs/mariadb/mariadb-connector-c-3.0.2-src/CMakeFiles/CMakeTmp'
Building C object CMakeFiles/cmTC_0b6b4.dir/CheckFunctionExists.c.o
/usr/bin/cc    -Wunused -Wno-uninitialized -Wall -Wextra -Wformat-security -Wno-init-self -Wwrite-strings -Wshift-count-overflow -Wdeclaration-after-statement -DCHECK_FUNCTION_EXISTS=setsockopt   -o CMakeFiles/cmTC_0b6b4.dir/CheckFunctionExists.c.o   -c /usr/share/cmake-3.5/Modules/CheckFunctionExists.c
Linking C executable cmTC_0b6b4
/usr/bin/cmake -E cmake_link_script CMakeFiles/cmTC_0b6b4.dir/link.txt --verbose=1
/usr/bin/cc   -Wunused -Wno-uninitialized -Wall -Wextra -Wformat-security -Wno-init-self -Wwrite-strings -Wshift-count-overflow -Wdeclaration-after-statement -DCHECK_FUNCTION_EXISTS=setsockopt    CMakeFiles/cmTC_0b6b4.dir/CheckFunctionExists.c.o  -o cmTC_0b6b4 -rdynamic -lsocket 
/usr/bin/ld: cannot find -lsocket
collect2: error: ld returned 1 exit status
CMakeFiles/cmTC_0b6b4.dir/build.make:97: recipe for target 'cmTC_0b6b4' failed
make[1]: *** [cmTC_0b6b4] Error 1
make[1]: Leaving directory '/home/clme1717/Git/dbAccess/libs/mariadb/mariadb-connector-c-3.0.2-src/CMakeFiles/CMakeTmp'
Makefile:126: recipe for target 'cmTC_0b6b4/fast' failed
make: *** [cmTC_0b6b4/fast] Error 2


Determining if the pthread_create exist failed with the following output:
Change Dir: /home/clme1717/Git/dbAccess/libs/mariadb/mariadb-connector-c-3.0.2-src/CMakeFiles/CMakeTmp

Run Build Command:"/usr/bin/make" "cmTC_04ed2/fast"
/usr/bin/make -f CMakeFiles/cmTC_04ed2.dir/build.make CMakeFiles/cmTC_04ed2.dir/build
make[1]: Entering directory '/home/clme1717/Git/dbAccess/libs/mariadb/mariadb-connector-c-3.0.2-src/CMakeFiles/CMakeTmp'
Building C object CMakeFiles/cmTC_04ed2.dir/CheckSymbolExists.c.o
/usr/bin/cc    -Wunused -Wno-uninitialized -Wall -Wextra -Wformat-security -Wno-init-self -Wwrite-strings -Wshift-count-overflow -Wdeclaration-after-statement    -o CMakeFiles/cmTC_04ed2.dir/CheckSymbolExists.c.o   -c /home/clme1717/Git/dbAccess/libs/mariadb/mariadb-connector-c-3.0.2-src/CMakeFiles/CMakeTmp/CheckSymbolExists.c
Linking C executable cmTC_04ed2
/usr/bin/cmake -E cmake_link_script CMakeFiles/cmTC_04ed2.dir/link.txt --verbose=1
/usr/bin/cc   -Wunused -Wno-uninitialized -Wall -Wextra -Wformat-security -Wno-init-self -Wwrite-strings -Wshift-count-overflow -Wdeclaration-after-statement     CMakeFiles/cmTC_04ed2.dir/CheckSymbolExists.c.o  -o cmTC_04ed2 -rdynamic 
CMakeFiles/cmTC_04ed2.dir/CheckSymbolExists.c.o: In function `main':
CheckSymbolExists.c:(.text+0x16): undefined reference to `pthread_create'
collect2: error: ld returned 1 exit status
CMakeFiles/cmTC_04ed2.dir/build.make:97: recipe for target 'cmTC_04ed2' failed
make[1]: *** [cmTC_04ed2] Error 1
make[1]: Leaving directory '/home/clme1717/Git/dbAccess/libs/mariadb/mariadb-connector-c-3.0.2-src/CMakeFiles/CMakeTmp'
Makefile:126: recipe for target 'cmTC_04ed2/fast' failed
make: *** [cmTC_04ed2/fast] Error 2

File /home/clme1717/Git/dbAccess/libs/mariadb/mariadb-connector-c-3.0.2-src/CMakeFiles/CMakeTmp/CheckSymbolExists.c:
/* */
#include <pthread.h>

int main(int argc, char** argv)
{
  (void)argv;
#ifndef pthread_create
  return ((int*)(&pthread_create))[argc];
#else
  (void)argc;
  return 0;
#endif
}

Determining if the function pthread_create exists in the pthreads failed with the following output:
Change Dir: /home/clme1717/Git/dbAccess/libs/mariadb/mariadb-connector-c-3.0.2-src/CMakeFiles/CMakeTmp

Run Build Command:"/usr/bin/make" "cmTC_82310/fast"
/usr/bin/make -f CMakeFiles/cmTC_82310.dir/build.make CMakeFiles/cmTC_82310.dir/build
make[1]: Entering directory '/home/clme1717/Git/dbAccess/libs/mariadb/mariadb-connector-c-3.0.2-src/CMakeFiles/CMakeTmp'
Building C object CMakeFiles/cmTC_82310.dir/CheckFunctionExists.c.o
/usr/bin/cc    -Wunused -Wno-uninitialized -Wall -Wextra -Wformat-security -Wno-init-self -Wwrite-strings -Wshift-count-overflow -Wdeclaration-after-statement -DCHECK_FUNCTION_EXISTS=pthread_create   -o CMakeFiles/cmTC_82310.dir/CheckFunctionExists.c.o   -c /usr/share/cmake-3.5/Modules/CheckFunctionExists.c
Linking C executable cmTC_82310
/usr/bin/cmake -E cmake_link_script CMakeFiles/cmTC_82310.dir/link.txt --verbose=1
/usr/bin/cc   -Wunused -Wno-uninitialized -Wall -Wextra -Wformat-security -Wno-init-self -Wwrite-strings -Wshift-count-overflow -Wdeclaration-after-statement -DCHECK_FUNCTION_EXISTS=pthread_create    CMakeFiles/cmTC_82310.dir/CheckFunctionExists.c.o  -o cmTC_82310 -rdynamic -lpthreads 
/usr/bin/ld: cannot find -lpthreads
collect2: error: ld returned 1 exit status
CMakeFiles/cmTC_82310.dir/build.make:97: recipe for target 'cmTC_82310' failed
make[1]: *** [cmTC_82310] Error 1
make[1]: Leaving directory '/home/clme1717/Git/dbAccess/libs/mariadb/mariadb-connector-c-3.0.2-src/CMakeFiles/CMakeTmp'
Makefile:126: recipe for target 'cmTC_82310/fast' failed
make: *** [cmTC_82310/fast] Error 2


Determining if files fpu/control.h exist failed with the following output:
Change Dir: /home/clme1717/Git/dbAccess/libs/mariadb/mariadb-connector-c-3.0.2-src/CMakeFiles/CMakeTmp

Run Build Command:"/usr/bin/make" "cmTC_37299/fast"
/usr/bin/make -f CMakeFiles/cmTC_37299.dir/build.make CMakeFiles/cmTC_37299.dir/build
make[1]: Entering directory '/home/clme1717/Git/dbAccess/libs/mariadb/mariadb-connector-c-3.0.2-src/CMakeFiles/CMakeTmp'
Building C object CMakeFiles/cmTC_37299.dir/CheckIncludeFiles.c.o
/usr/bin/cc   -I/home/clme1717/Git/dbAccess/libs/mariadb/mariadb-connector-c-3.0.2-src/CMakeFiles/CMakeTmp/pthread.h  -Wunused -Wno-uninitialized -Wall -Wextra -Wformat-security -Wno-init-self -Wwrite-strings -Wshift-count-overflow -Wdeclaration-after-statement    -o CMakeFiles/cmTC_37299.dir/CheckIncludeFiles.c.o   -c /home/clme1717/Git/dbAccess/libs/mariadb/mariadb-connector-c-3.0.2-src/CMakeFiles/CMakeTmp/CheckIncludeFiles.c
/home/clme1717/Git/dbAccess/libs/mariadb/mariadb-connector-c-3.0.2-src/CMakeFiles/CMakeTmp/CheckIncludeFiles.c:2:25: fatal error: fpu/control.h: No such file or directory
compilation terminated.
CMakeFiles/cmTC_37299.dir/build.make:65: recipe for target 'CMakeFiles/cmTC_37299.dir/CheckIncludeFiles.c.o' failed
make[1]: *** [CMakeFiles/cmTC_37299.dir/CheckIncludeFiles.c.o] Error 1
make[1]: Leaving directory '/home/clme1717/Git/dbAccess/libs/mariadb/mariadb-connector-c-3.0.2-src/CMakeFiles/CMakeTmp'
Makefile:126: recipe for target 'cmTC_37299/fast' failed
make: *** [cmTC_37299/fast] Error 2

Source:
/* */
#include <fpu/control.h>


int main(void){return 0;}

Determining if files ieeefp.h exist failed with the following output:
Change Dir: /home/clme1717/Git/dbAccess/libs/mariadb/mariadb-connector-c-3.0.2-src/CMakeFiles/CMakeTmp

Run Build Command:"/usr/bin/make" "cmTC_9c699/fast"
/usr/bin/make -f CMakeFiles/cmTC_9c699.dir/build.make CMakeFiles/cmTC_9c699.dir/build
make[1]: Entering directory '/home/clme1717/Git/dbAccess/libs/mariadb/mariadb-connector-c-3.0.2-src/CMakeFiles/CMakeTmp'
Building C object CMakeFiles/cmTC_9c699.dir/CheckIncludeFiles.c.o
/usr/bin/cc   -I/home/clme1717/Git/dbAccess/libs/mariadb/mariadb-connector-c-3.0.2-src/CMakeFiles/CMakeTmp/pthread.h  -Wunused -Wno-uninitialized -Wall -Wextra -Wformat-security -Wno-init-self -Wwrite-strings -Wshift-count-overflow -Wdeclaration-after-statement    -o CMakeFiles/cmTC_9c699.dir/CheckIncludeFiles.c.o   -c /home/clme1717/Git/dbAccess/libs/mariadb/mariadb-connector-c-3.0.2-src/CMakeFiles/CMakeTmp/CheckIncludeFiles.c
/home/clme1717/Git/dbAccess/libs/mariadb/mariadb-connector-c-3.0.2-src/CMakeFiles/CMakeTmp/CheckIncludeFiles.c:2:20: fatal error: ieeefp.h: No such file or directory
compilation terminated.
CMakeFiles/cmTC_9c699.dir/build.make:65: recipe for target 'CMakeFiles/cmTC_9c699.dir/CheckIncludeFiles.c.o' failed
make[1]: *** [CMakeFiles/cmTC_9c699.dir/CheckIncludeFiles.c.o] Error 1
make[1]: Leaving directory '/home/clme1717/Git/dbAccess/libs/mariadb/mariadb-connector-c-3.0.2-src/CMakeFiles/CMakeTmp'
Makefile:126: recipe for target 'cmTC_9c699/fast' failed
make: *** [cmTC_9c699/fast] Error 2

Source:
/* */
#include <ieeefp.h>


int main(void){return 0;}

Determining if files select.h exist failed with the following output:
Change Dir: /home/clme1717/Git/dbAccess/libs/mariadb/mariadb-connector-c-3.0.2-src/CMakeFiles/CMakeTmp

Run Build Command:"/usr/bin/make" "cmTC_a6482/fast"
/usr/bin/make -f CMakeFiles/cmTC_a6482.dir/build.make CMakeFiles/cmTC_a6482.dir/build
make[1]: Entering directory '/home/clme1717/Git/dbAccess/libs/mariadb/mariadb-connector-c-3.0.2-src/CMakeFiles/CMakeTmp'
Building C object CMakeFiles/cmTC_a6482.dir/CheckIncludeFiles.c.o
/usr/bin/cc   -I/home/clme1717/Git/dbAccess/libs/mariadb/mariadb-connector-c-3.0.2-src/CMakeFiles/CMakeTmp/pthread.h  -Wunused -Wno-uninitialized -Wall -Wextra -Wformat-security -Wno-init-self -Wwrite-strings -Wshift-count-overflow -Wdeclaration-after-statement    -o CMakeFiles/cmTC_a6482.dir/CheckIncludeFiles.c.o   -c /home/clme1717/Git/dbAccess/libs/mariadb/mariadb-connector-c-3.0.2-src/CMakeFiles/CMakeTmp/CheckIncludeFiles.c
/home/clme1717/Git/dbAccess/libs/mariadb/mariadb-connector-c-3.0.2-src/CMakeFiles/CMakeTmp/CheckIncludeFiles.c:2:20: fatal error: select.h: No such file or directory
compilation terminated.
CMakeFiles/cmTC_a6482.dir/build.make:65: recipe for target 'CMakeFiles/cmTC_a6482.dir/CheckIncludeFiles.c.o' failed
make[1]: *** [CMakeFiles/cmTC_a6482.dir/CheckIncludeFiles.c.o] Error 1
make[1]: Leaving directory '/home/clme1717/Git/dbAccess/libs/mariadb/mariadb-connector-c-3.0.2-src/CMakeFiles/CMakeTmp'
Makefile:126: recipe for target 'cmTC_a6482/fast' failed
make: *** [cmTC_a6482/fast] Error 2

Source:
/* */
#include <select.h>


int main(void){return 0;}

Determining if files synch.h exist failed with the following output:
Change Dir: /home/clme1717/Git/dbAccess/libs/mariadb/mariadb-connector-c-3.0.2-src/CMakeFiles/CMakeTmp

Run Build Command:"/usr/bin/make" "cmTC_55b63/fast"
/usr/bin/make -f CMakeFiles/cmTC_55b63.dir/build.make CMakeFiles/cmTC_55b63.dir/build
make[1]: Entering directory '/home/clme1717/Git/dbAccess/libs/mariadb/mariadb-connector-c-3.0.2-src/CMakeFiles/CMakeTmp'
Building C object CMakeFiles/cmTC_55b63.dir/CheckIncludeFiles.c.o
/usr/bin/cc   -I/home/clme1717/Git/dbAccess/libs/mariadb/mariadb-connector-c-3.0.2-src/CMakeFiles/CMakeTmp/pthread.h  -Wunused -Wno-uninitialized -Wall -Wextra -Wformat-security -Wno-init-self -Wwrite-strings -Wshift-count-overflow -Wdeclaration-after-statement    -o CMakeFiles/cmTC_55b63.dir/CheckIncludeFiles.c.o   -c /home/clme1717/Git/dbAccess/libs/mariadb/mariadb-connector-c-3.0.2-src/CMakeFiles/CMakeTmp/CheckIncludeFiles.c
/home/clme1717/Git/dbAccess/libs/mariadb/mariadb-connector-c-3.0.2-src/CMakeFiles/CMakeTmp/CheckIncludeFiles.c:2:19: fatal error: synch.h: No such file or directory
compilation terminated.
CMakeFiles/cmTC_55b63.dir/build.make:65: recipe for target 'CMakeFiles/cmTC_55b63.dir/CheckIncludeFiles.c.o' failed
make[1]: *** [CMakeFiles/cmTC_55b63.dir/CheckIncludeFiles.c.o] Error 1
make[1]: Leaving directory '/home/clme1717/Git/dbAccess/libs/mariadb/mariadb-connector-c-3.0.2-src/CMakeFiles/CMakeTmp'
Makefile:126: recipe for target 'cmTC_55b63/fast' failed
make: *** [cmTC_55b63/fast] Error 2

Source:
/* */
#include <synch.h>


int main(void){return 0;}

Determining if files sys/fpu.h exist failed with the following output:
Change Dir: /home/clme1717/Git/dbAccess/libs/mariadb/mariadb-connector-c-3.0.2-src/CMakeFiles/CMakeTmp

Run Build Command:"/usr/bin/make" "cmTC_10426/fast"
/usr/bin/make -f CMakeFiles/cmTC_10426.dir/build.make CMakeFiles/cmTC_10426.dir/build
make[1]: Entering directory '/home/clme1717/Git/dbAccess/libs/mariadb/mariadb-connector-c-3.0.2-src/CMakeFiles/CMakeTmp'
Building C object CMakeFiles/cmTC_10426.dir/CheckIncludeFiles.c.o
/usr/bin/cc   -I/home/clme1717/Git/dbAccess/libs/mariadb/mariadb-connector-c-3.0.2-src/CMakeFiles/CMakeTmp/pthread.h  -Wunused -Wno-uninitialized -Wall -Wextra -Wformat-security -Wno-init-self -Wwrite-strings -Wshift-count-overflow -Wdeclaration-after-statement    -o CMakeFiles/cmTC_10426.dir/CheckIncludeFiles.c.o   -c /home/clme1717/Git/dbAccess/libs/mariadb/mariadb-connector-c-3.0.2-src/CMakeFiles/CMakeTmp/CheckIncludeFiles.c
/home/clme1717/Git/dbAccess/libs/mariadb/mariadb-connector-c-3.0.2-src/CMakeFiles/CMakeTmp/CheckIncludeFiles.c:2:21: fatal error: sys/fpu.h: No such file or directory
compilation terminated.
CMakeFiles/cmTC_10426.dir/build.make:65: recipe for target 'CMakeFiles/cmTC_10426.dir/CheckIncludeFiles.c.o' failed
make[1]: *** [CMakeFiles/cmTC_10426.dir/CheckIncludeFiles.c.o] Error 1
make[1]: Leaving directory '/home/clme1717/Git/dbAccess/libs/mariadb/mariadb-connector-c-3.0.2-src/CMakeFiles/CMakeTmp'
Makefile:126: recipe for target 'cmTC_10426/fast' failed
make: *** [cmTC_10426/fast] Error 2

Source:
/* */
#include <sys/fpu.h>


int main(void){return 0;}

Determining if files sys/stream.h exist failed with the following output:
Change Dir: /home/clme1717/Git/dbAccess/libs/mariadb/mariadb-connector-c-3.0.2-src/CMakeFiles/CMakeTmp

Run Build Command:"/usr/bin/make" "cmTC_0e81f/fast"
/usr/bin/make -f CMakeFiles/cmTC_0e81f.dir/build.make CMakeFiles/cmTC_0e81f.dir/build
make[1]: Entering directory '/home/clme1717/Git/dbAccess/libs/mariadb/mariadb-connector-c-3.0.2-src/CMakeFiles/CMakeTmp'
Building C object CMakeFiles/cmTC_0e81f.dir/CheckIncludeFiles.c.o
/usr/bin/cc   -I/home/clme1717/Git/dbAccess/libs/mariadb/mariadb-connector-c-3.0.2-src/CMakeFiles/CMakeTmp/pthread.h  -Wunused -Wno-uninitialized -Wall -Wextra -Wformat-security -Wno-init-self -Wwrite-strings -Wshift-count-overflow -Wdeclaration-after-statement    -o CMakeFiles/cmTC_0e81f.dir/CheckIncludeFiles.c.o   -c /home/clme1717/Git/dbAccess/libs/mariadb/mariadb-connector-c-3.0.2-src/CMakeFiles/CMakeTmp/CheckIncludeFiles.c
/home/clme1717/Git/dbAccess/libs/mariadb/mariadb-connector-c-3.0.2-src/CMakeFiles/CMakeTmp/CheckIncludeFiles.c:2:24: fatal error: sys/stream.h: No such file or directory
compilation terminated.
CMakeFiles/cmTC_0e81f.dir/build.make:65: recipe for target 'CMakeFiles/cmTC_0e81f.dir/CheckIncludeFiles.c.o' failed
make[1]: *** [CMakeFiles/cmTC_0e81f.dir/CheckIncludeFiles.c.o] Error 1
make[1]: Leaving directory '/home/clme1717/Git/dbAccess/libs/mariadb/mariadb-connector-c-3.0.2-src/CMakeFiles/CMakeTmp'
Makefile:126: recipe for target 'cmTC_0e81f/fast' failed
make: *** [cmTC_0e81f/fast] Error 2

Source:
/* */
#include <sys/stream.h>


int main(void){return 0;}

Determining if files sysent.h exist failed with the following output:
Change Dir: /home/clme1717/Git/dbAccess/libs/mariadb/mariadb-connector-c-3.0.2-src/CMakeFiles/CMakeTmp

Run Build Command:"/usr/bin/make" "cmTC_301f3/fast"
/usr/bin/make -f CMakeFiles/cmTC_301f3.dir/build.make CMakeFiles/cmTC_301f3.dir/build
make[1]: Entering directory '/home/clme1717/Git/dbAccess/libs/mariadb/mariadb-connector-c-3.0.2-src/CMakeFiles/CMakeTmp'
Building C object CMakeFiles/cmTC_301f3.dir/CheckIncludeFiles.c.o
/usr/bin/cc   -I/home/clme1717/Git/dbAccess/libs/mariadb/mariadb-connector-c-3.0.2-src/CMakeFiles/CMakeTmp/pthread.h  -Wunused -Wno-uninitialized -Wall -Wextra -Wformat-security -Wno-init-self -Wwrite-strings -Wshift-count-overflow -Wdeclaration-after-statement    -o CMakeFiles/cmTC_301f3.dir/CheckIncludeFiles.c.o   -c /home/clme1717/Git/dbAccess/libs/mariadb/mariadb-connector-c-3.0.2-src/CMakeFiles/CMakeTmp/CheckIncludeFiles.c
/home/clme1717/Git/dbAccess/libs/mariadb/mariadb-connector-c-3.0.2-src/CMakeFiles/CMakeTmp/CheckIncludeFiles.c:2:20: fatal error: sysent.h: No such file or directory
compilation terminated.
CMakeFiles/cmTC_301f3.dir/build.make:65: recipe for target 'CMakeFiles/cmTC_301f3.dir/CheckIncludeFiles.c.o' failed
make[1]: *** [CMakeFiles/cmTC_301f3.dir/CheckIncludeFiles.c.o] Error 1
make[1]: Leaving directory '/home/clme1717/Git/dbAccess/libs/mariadb/mariadb-connector-c-3.0.2-src/CMakeFiles/CMakeTmp'
Makefile:126: recipe for target 'cmTC_301f3/fast' failed
make: *** [cmTC_301f3/fast] Error 2

Source:
/* */
#include <sysent.h>


int main(void){return 0;}

Determining if the function aiowait exists failed with the following output:
Change Dir: /home/clme1717/Git/dbAccess/libs/mariadb/mariadb-connector-c-3.0.2-src/CMakeFiles/CMakeTmp

Run Build Command:"/usr/bin/make" "cmTC_da2c0/fast"
/usr/bin/make -f CMakeFiles/cmTC_da2c0.dir/build.make CMakeFiles/cmTC_da2c0.dir/build
make[1]: Entering directory '/home/clme1717/Git/dbAccess/libs/mariadb/mariadb-connector-c-3.0.2-src/CMakeFiles/CMakeTmp'
Building C object CMakeFiles/cmTC_da2c0.dir/CheckFunctionExists.c.o
/usr/bin/cc   -I/home/clme1717/Git/dbAccess/libs/mariadb/mariadb-connector-c-3.0.2-src/CMakeFiles/CMakeTmp/pthread.h  -Wunused -Wno-uninitialized -Wall -Wextra -Wformat-security -Wno-init-self -Wwrite-strings -Wshift-count-overflow -Wdeclaration-after-statement -DCHECK_FUNCTION_EXISTS=aiowait   -o CMakeFiles/cmTC_da2c0.dir/CheckFunctionExists.c.o   -c /usr/share/cmake-3.5/Modules/CheckFunctionExists.c
Linking C executable cmTC_da2c0
/usr/bin/cmake -E cmake_link_script CMakeFiles/cmTC_da2c0.dir/link.txt --verbose=1
/usr/bin/cc   -Wunused -Wno-uninitialized -Wall -Wextra -Wformat-security -Wno-init-self -Wwrite-strings -Wshift-count-overflow -Wdeclaration-after-statement -DCHECK_FUNCTION_EXISTS=aiowait    CMakeFiles/cmTC_da2c0.dir/CheckFunctionExists.c.o  -o cmTC_da2c0 -rdynamic -lnsl -ldl -lm -lpthread 
CMakeFiles/cmTC_da2c0.dir/CheckFunctionExists.c.o: In function `main':
CheckFunctionExists.c:(.text+0x15): undefined reference to `aiowait'
collect2: error: ld returned 1 exit status
CMakeFiles/cmTC_da2c0.dir/build.make:97: recipe for target 'cmTC_da2c0' failed
make[1]: *** [cmTC_da2c0] Error 1
make[1]: Leaving directory '/home/clme1717/Git/dbAccess/libs/mariadb/mariadb-connector-c-3.0.2-src/CMakeFiles/CMakeTmp'
Makefile:126: recipe for target 'cmTC_da2c0/fast' failed
make: *** [cmTC_da2c0/fast] Error 2


Determining if the function alloca exists failed with the following output:
Change Dir: /home/clme1717/Git/dbAccess/libs/mariadb/mariadb-connector-c-3.0.2-src/CMakeFiles/CMakeTmp

Run Build Command:"/usr/bin/make" "cmTC_b432e/fast"
/usr/bin/make -f CMakeFiles/cmTC_b432e.dir/build.make CMakeFiles/cmTC_b432e.dir/build
make[1]: Entering directory '/home/clme1717/Git/dbAccess/libs/mariadb/mariadb-connector-c-3.0.2-src/CMakeFiles/CMakeTmp'
Building C object CMakeFiles/cmTC_b432e.dir/CheckFunctionExists.c.o
/usr/bin/cc   -I/home/clme1717/Git/dbAccess/libs/mariadb/mariadb-connector-c-3.0.2-src/CMakeFiles/CMakeTmp/pthread.h  -Wunused -Wno-uninitialized -Wall -Wextra -Wformat-security -Wno-init-self -Wwrite-strings -Wshift-count-overflow -Wdeclaration-after-statement -DCHECK_FUNCTION_EXISTS=alloca   -o CMakeFiles/cmTC_b432e.dir/CheckFunctionExists.c.o   -c /usr/share/cmake-3.5/Modules/CheckFunctionExists.c
<command-line>:0:23: warning: conflicting types for built-in function ‘alloca’
/usr/share/cmake-3.5/Modules/CheckFunctionExists.c:6:6: note: in expansion of macro ‘CHECK_FUNCTION_EXISTS’
 char CHECK_FUNCTION_EXISTS();
      ^
Linking C executable cmTC_b432e
/usr/bin/cmake -E cmake_link_script CMakeFiles/cmTC_b432e.dir/link.txt --verbose=1
/usr/bin/cc   -Wunused -Wno-uninitialized -Wall -Wextra -Wformat-security -Wno-init-self -Wwrite-strings -Wshift-count-overflow -Wdeclaration-after-statement -DCHECK_FUNCTION_EXISTS=alloca    CMakeFiles/cmTC_b432e.dir/CheckFunctionExists.c.o  -o cmTC_b432e -rdynamic -lnsl -ldl -lm -lpthread 
CMakeFiles/cmTC_b432e.dir/CheckFunctionExists.c.o: In function `main':
CheckFunctionExists.c:(.text+0x24): undefined reference to `alloca'
collect2: error: ld returned 1 exit status
CMakeFiles/cmTC_b432e.dir/build.make:97: recipe for target 'cmTC_b432e' failed
make[1]: *** [cmTC_b432e] Error 1
make[1]: Leaving directory '/home/clme1717/Git/dbAccess/libs/mariadb/mariadb-connector-c-3.0.2-src/CMakeFiles/CMakeTmp'
Makefile:126: recipe for target 'cmTC_b432e/fast' failed
make: *** [cmTC_b432e/fast] Error 2


Determining if the function bfill exists failed with the following output:
Change Dir: /home/clme1717/Git/dbAccess/libs/mariadb/mariadb-connector-c-3.0.2-src/CMakeFiles/CMakeTmp

Run Build Command:"/usr/bin/make" "cmTC_2fbd0/fast"
/usr/bin/make -f CMakeFiles/cmTC_2fbd0.dir/build.make CMakeFiles/cmTC_2fbd0.dir/build
make[1]: Entering directory '/home/clme1717/Git/dbAccess/libs/mariadb/mariadb-connector-c-3.0.2-src/CMakeFiles/CMakeTmp'
Building C object CMakeFiles/cmTC_2fbd0.dir/CheckFunctionExists.c.o
/usr/bin/cc   -I/home/clme1717/Git/dbAccess/libs/mariadb/mariadb-connector-c-3.0.2-src/CMakeFiles/CMakeTmp/pthread.h  -Wunused -Wno-uninitialized -Wall -Wextra -Wformat-security -Wno-init-self -Wwrite-strings -Wshift-count-overflow -Wdeclaration-after-statement -DCHECK_FUNCTION_EXISTS=bfill   -o CMakeFiles/cmTC_2fbd0.dir/CheckFunctionExists.c.o   -c /usr/share/cmake-3.5/Modules/CheckFunctionExists.c
Linking C executable cmTC_2fbd0
/usr/bin/cmake -E cmake_link_script CMakeFiles/cmTC_2fbd0.dir/link.txt --verbose=1
/usr/bin/cc   -Wunused -Wno-uninitialized -Wall -Wextra -Wformat-security -Wno-init-self -Wwrite-strings -Wshift-count-overflow -Wdeclaration-after-statement -DCHECK_FUNCTION_EXISTS=bfill    CMakeFiles/cmTC_2fbd0.dir/CheckFunctionExists.c.o  -o cmTC_2fbd0 -rdynamic -lnsl -ldl -lm -lpthread 
CMakeFiles/cmTC_2fbd0.dir/CheckFunctionExists.c.o: In function `main':
CheckFunctionExists.c:(.text+0x15): undefined reference to `bfill'
collect2: error: ld returned 1 exit status
CMakeFiles/cmTC_2fbd0.dir/build.make:97: recipe for target 'cmTC_2fbd0' failed
make[1]: *** [cmTC_2fbd0] Error 1
make[1]: Leaving directory '/home/clme1717/Git/dbAccess/libs/mariadb/mariadb-connector-c-3.0.2-src/CMakeFiles/CMakeTmp'
Makefile:126: recipe for target 'cmTC_2fbd0/fast' failed
make: *** [cmTC_2fbd0/fast] Error 2


Determining if the function bmove exists failed with the following output:
Change Dir: /home/clme1717/Git/dbAccess/libs/mariadb/mariadb-connector-c-3.0.2-src/CMakeFiles/CMakeTmp

Run Build Command:"/usr/bin/make" "cmTC_35a04/fast"
/usr/bin/make -f CMakeFiles/cmTC_35a04.dir/build.make CMakeFiles/cmTC_35a04.dir/build
make[1]: Entering directory '/home/clme1717/Git/dbAccess/libs/mariadb/mariadb-connector-c-3.0.2-src/CMakeFiles/CMakeTmp'
Building C object CMakeFiles/cmTC_35a04.dir/CheckFunctionExists.c.o
/usr/bin/cc   -I/home/clme1717/Git/dbAccess/libs/mariadb/mariadb-connector-c-3.0.2-src/CMakeFiles/CMakeTmp/pthread.h  -Wunused -Wno-uninitialized -Wall -Wextra -Wformat-security -Wno-init-self -Wwrite-strings -Wshift-count-overflow -Wdeclaration-after-statement -DCHECK_FUNCTION_EXISTS=bmove   -o CMakeFiles/cmTC_35a04.dir/CheckFunctionExists.c.o   -c /usr/share/cmake-3.5/Modules/CheckFunctionExists.c
Linking C executable cmTC_35a04
/usr/bin/cmake -E cmake_link_script CMakeFiles/cmTC_35a04.dir/link.txt --verbose=1
/usr/bin/cc   -Wunused -Wno-uninitialized -Wall -Wextra -Wformat-security -Wno-init-self -Wwrite-strings -Wshift-count-overflow -Wdeclaration-after-statement -DCHECK_FUNCTION_EXISTS=bmove    CMakeFiles/cmTC_35a04.dir/CheckFunctionExists.c.o  -o cmTC_35a04 -rdynamic -lnsl -ldl -lm -lpthread 
CMakeFiles/cmTC_35a04.dir/CheckFunctionExists.c.o: In function `main':
CheckFunctionExists.c:(.text+0x15): undefined reference to `bmove'
collect2: error: ld returned 1 exit status
CMakeFiles/cmTC_35a04.dir/build.make:97: recipe for target 'cmTC_35a04' failed
make[1]: *** [cmTC_35a04] Error 1
make[1]: Leaving directory '/home/clme1717/Git/dbAccess/libs/mariadb/mariadb-connector-c-3.0.2-src/CMakeFiles/CMakeTmp'
Makefile:126: recipe for target 'cmTC_35a04/fast' failed
make: *** [cmTC_35a04/fast] Error 2


Determining if the function compress exists failed with the following output:
Change Dir: /home/clme1717/Git/dbAccess/libs/mariadb/mariadb-connector-c-3.0.2-src/CMakeFiles/CMakeTmp

Run Build Command:"/usr/bin/make" "cmTC_ebde8/fast"
/usr/bin/make -f CMakeFiles/cmTC_ebde8.dir/build.make CMakeFiles/cmTC_ebde8.dir/build
make[1]: Entering directory '/home/clme1717/Git/dbAccess/libs/mariadb/mariadb-connector-c-3.0.2-src/CMakeFiles/CMakeTmp'
Building C object CMakeFiles/cmTC_ebde8.dir/CheckFunctionExists.c.o
/usr/bin/cc   -I/home/clme1717/Git/dbAccess/libs/mariadb/mariadb-connector-c-3.0.2-src/CMakeFiles/CMakeTmp/pthread.h  -Wunused -Wno-uninitialized -Wall -Wextra -Wformat-security -Wno-init-self -Wwrite-strings -Wshift-count-overflow -Wdeclaration-after-statement -DCHECK_FUNCTION_EXISTS=compress   -o CMakeFiles/cmTC_ebde8.dir/CheckFunctionExists.c.o   -c /usr/share/cmake-3.5/Modules/CheckFunctionExists.c
Linking C executable cmTC_ebde8
/usr/bin/cmake -E cmake_link_script CMakeFiles/cmTC_ebde8.dir/link.txt --verbose=1
/usr/bin/cc   -Wunused -Wno-uninitialized -Wall -Wextra -Wformat-security -Wno-init-self -Wwrite-strings -Wshift-count-overflow -Wdeclaration-after-statement -DCHECK_FUNCTION_EXISTS=compress    CMakeFiles/cmTC_ebde8.dir/CheckFunctionExists.c.o  -o cmTC_ebde8 -rdynamic -lnsl -ldl -lm -lpthread 
CMakeFiles/cmTC_ebde8.dir/CheckFunctionExists.c.o: In function `main':
CheckFunctionExists.c:(.text+0x15): undefined reference to `compress'
collect2: error: ld returned 1 exit status
CMakeFiles/cmTC_ebde8.dir/build.make:97: recipe for target 'cmTC_ebde8' failed
make[1]: *** [cmTC_ebde8] Error 1
make[1]: Leaving directory '/home/clme1717/Git/dbAccess/libs/mariadb/mariadb-connector-c-3.0.2-src/CMakeFiles/CMakeTmp'
Makefile:126: recipe for target 'cmTC_ebde8/fast' failed
make: *** [cmTC_ebde8/fast] Error 2


Determining if the function crypt exists failed with the following output:
Change Dir: /home/clme1717/Git/dbAccess/libs/mariadb/mariadb-connector-c-3.0.2-src/CMakeFiles/CMakeTmp

Run Build Command:"/usr/bin/make" "cmTC_43e9d/fast"
/usr/bin/make -f CMakeFiles/cmTC_43e9d.dir/build.make CMakeFiles/cmTC_43e9d.dir/build
make[1]: Entering directory '/home/clme1717/Git/dbAccess/libs/mariadb/mariadb-connector-c-3.0.2-src/CMakeFiles/CMakeTmp'
Building C object CMakeFiles/cmTC_43e9d.dir/CheckFunctionExists.c.o
/usr/bin/cc   -I/home/clme1717/Git/dbAccess/libs/mariadb/mariadb-connector-c-3.0.2-src/CMakeFiles/CMakeTmp/pthread.h  -Wunused -Wno-uninitialized -Wall -Wextra -Wformat-security -Wno-init-self -Wwrite-strings -Wshift-count-overflow -Wdeclaration-after-statement -DCHECK_FUNCTION_EXISTS=crypt   -o CMakeFiles/cmTC_43e9d.dir/CheckFunctionExists.c.o   -c /usr/share/cmake-3.5/Modules/CheckFunctionExists.c
Linking C executable cmTC_43e9d
/usr/bin/cmake -E cmake_link_script CMakeFiles/cmTC_43e9d.dir/link.txt --verbose=1
/usr/bin/cc   -Wunused -Wno-uninitialized -Wall -Wextra -Wformat-security -Wno-init-self -Wwrite-strings -Wshift-count-overflow -Wdeclaration-after-statement -DCHECK_FUNCTION_EXISTS=crypt    CMakeFiles/cmTC_43e9d.dir/CheckFunctionExists.c.o  -o cmTC_43e9d -rdynamic -lnsl -ldl -lm -lpthread 
CMakeFiles/cmTC_43e9d.dir/CheckFunctionExists.c.o: In function `main':
CheckFunctionExists.c:(.text+0x15): undefined reference to `crypt'
collect2: error: ld returned 1 exit status
CMakeFiles/cmTC_43e9d.dir/build.make:97: recipe for target 'cmTC_43e9d' failed
make[1]: *** [cmTC_43e9d] Error 1
make[1]: Leaving directory '/home/clme1717/Git/dbAccess/libs/mariadb/mariadb-connector-c-3.0.2-src/CMakeFiles/CMakeTmp'
Makefile:126: recipe for target 'cmTC_43e9d/fast' failed
make: *** [cmTC_43e9d/fast] Error 2


Determining if the function fconvert exists failed with the following output:
Change Dir: /home/clme1717/Git/dbAccess/libs/mariadb/mariadb-connector-c-3.0.2-src/CMakeFiles/CMakeTmp

Run Build Command:"/usr/bin/make" "cmTC_dd451/fast"
/usr/bin/make -f CMakeFiles/cmTC_dd451.dir/build.make CMakeFiles/cmTC_dd451.dir/build
make[1]: Entering directory '/home/clme1717/Git/dbAccess/libs/mariadb/mariadb-connector-c-3.0.2-src/CMakeFiles/CMakeTmp'
Building C object CMakeFiles/cmTC_dd451.dir/CheckFunctionExists.c.o
/usr/bin/cc   -I/home/clme1717/Git/dbAccess/libs/mariadb/mariadb-connector-c-3.0.2-src/CMakeFiles/CMakeTmp/pthread.h  -Wunused -Wno-uninitialized -Wall -Wextra -Wformat-security -Wno-init-self -Wwrite-strings -Wshift-count-overflow -Wdeclaration-after-statement -DCHECK_FUNCTION_EXISTS=fconvert   -o CMakeFiles/cmTC_dd451.dir/CheckFunctionExists.c.o   -c /usr/share/cmake-3.5/Modules/CheckFunctionExists.c
Linking C executable cmTC_dd451
/usr/bin/cmake -E cmake_link_script CMakeFiles/cmTC_dd451.dir/link.txt --verbose=1
/usr/bin/cc   -Wunused -Wno-uninitialized -Wall -Wextra -Wformat-security -Wno-init-self -Wwrite-strings -Wshift-count-overflow -Wdeclaration-after-statement -DCHECK_FUNCTION_EXISTS=fconvert    CMakeFiles/cmTC_dd451.dir/CheckFunctionExists.c.o  -o cmTC_dd451 -rdynamic -lnsl -ldl -lm -lpthread 
CMakeFiles/cmTC_dd451.dir/CheckFunctionExists.c.o: In function `main':
CheckFunctionExists.c:(.text+0x15): undefined reference to `fconvert'
collect2: error: ld returned 1 exit status
CMakeFiles/cmTC_dd451.dir/build.make:97: recipe for target 'cmTC_dd451' failed
make[1]: *** [cmTC_dd451] Error 1
make[1]: Leaving directory '/home/clme1717/Git/dbAccess/libs/mariadb/mariadb-connector-c-3.0.2-src/CMakeFiles/CMakeTmp'
Makefile:126: recipe for target 'cmTC_dd451/fast' failed
make: *** [cmTC_dd451/fast] Error 2


Determining if the function gethrtime exists failed with the following output:
Change Dir: /home/clme1717/Git/dbAccess/libs/mariadb/mariadb-connector-c-3.0.2-src/CMakeFiles/CMakeTmp

Run Build Command:"/usr/bin/make" "cmTC_b62d6/fast"
/usr/bin/make -f CMakeFiles/cmTC_b62d6.dir/build.make CMakeFiles/cmTC_b62d6.dir/build
make[1]: Entering directory '/home/clme1717/Git/dbAccess/libs/mariadb/mariadb-connector-c-3.0.2-src/CMakeFiles/CMakeTmp'
Building C object CMakeFiles/cmTC_b62d6.dir/CheckFunctionExists.c.o
/usr/bin/cc   -I/home/clme1717/Git/dbAccess/libs/mariadb/mariadb-connector-c-3.0.2-src/CMakeFiles/CMakeTmp/pthread.h  -Wunused -Wno-uninitialized -Wall -Wextra -Wformat-security -Wno-init-self -Wwrite-strings -Wshift-count-overflow -Wdeclaration-after-statement -DCHECK_FUNCTION_EXISTS=gethrtime   -o CMakeFiles/cmTC_b62d6.dir/CheckFunctionExists.c.o   -c /usr/share/cmake-3.5/Modules/CheckFunctionExists.c
Linking C executable cmTC_b62d6
/usr/bin/cmake -E cmake_link_script CMakeFiles/cmTC_b62d6.dir/link.txt --verbose=1
/usr/bin/cc   -Wunused -Wno-uninitialized -Wall -Wextra -Wformat-security -Wno-init-self -Wwrite-strings -Wshift-count-overflow -Wdeclaration-after-statement -DCHECK_FUNCTION_EXISTS=gethrtime    CMakeFiles/cmTC_b62d6.dir/CheckFunctionExists.c.o  -o cmTC_b62d6 -rdynamic -lnsl -ldl -lm -lpthread 
CMakeFiles/cmTC_b62d6.dir/CheckFunctionExists.c.o: In function `main':
CheckFunctionExists.c:(.text+0x15): undefined reference to `gethrtime'
collect2: error: ld returned 1 exit status
CMakeFiles/cmTC_b62d6.dir/build.make:97: recipe for target 'cmTC_b62d6' failed
make[1]: *** [cmTC_b62d6] Error 1
make[1]: Leaving directory '/home/clme1717/Git/dbAccess/libs/mariadb/mariadb-connector-c-3.0.2-src/CMakeFiles/CMakeTmp'
Makefile:126: recipe for target 'cmTC_b62d6/fast' failed
make: *** [cmTC_b62d6/fast] Error 2


Determining if the function getpassphrase exists failed with the following output:
Change Dir: /home/clme1717/Git/dbAccess/libs/mariadb/mariadb-connector-c-3.0.2-src/CMakeFiles/CMakeTmp

Run Build Command:"/usr/bin/make" "cmTC_dd3e3/fast"
/usr/bin/make -f CMakeFiles/cmTC_dd3e3.dir/build.make CMakeFiles/cmTC_dd3e3.dir/build
make[1]: Entering directory '/home/clme1717/Git/dbAccess/libs/mariadb/mariadb-connector-c-3.0.2-src/CMakeFiles/CMakeTmp'
Building C object CMakeFiles/cmTC_dd3e3.dir/CheckFunctionExists.c.o
/usr/bin/cc   -I/home/clme1717/Git/dbAccess/libs/mariadb/mariadb-connector-c-3.0.2-src/CMakeFiles/CMakeTmp/pthread.h  -Wunused -Wno-uninitialized -Wall -Wextra -Wformat-security -Wno-init-self -Wwrite-strings -Wshift-count-overflow -Wdeclaration-after-statement -DCHECK_FUNCTION_EXISTS=getpassphrase   -o CMakeFiles/cmTC_dd3e3.dir/CheckFunctionExists.c.o   -c /usr/share/cmake-3.5/Modules/CheckFunctionExists.c
Linking C executable cmTC_dd3e3
/usr/bin/cmake -E cmake_link_script CMakeFiles/cmTC_dd3e3.dir/link.txt --verbose=1
/usr/bin/cc   -Wunused -Wno-uninitialized -Wall -Wextra -Wformat-security -Wno-init-self -Wwrite-strings -Wshift-count-overflow -Wdeclaration-after-statement -DCHECK_FUNCTION_EXISTS=getpassphrase    CMakeFiles/cmTC_dd3e3.dir/CheckFunctionExists.c.o  -o cmTC_dd3e3 -rdynamic -lnsl -ldl -lm -lpthread 
CMakeFiles/cmTC_dd3e3.dir/CheckFunctionExists.c.o: In function `main':
CheckFunctionExists.c:(.text+0x15): undefined reference to `getpassphrase'
collect2: error: ld returned 1 exit status
CMakeFiles/cmTC_dd3e3.dir/build.make:97: recipe for target 'cmTC_dd3e3' failed
make[1]: *** [cmTC_dd3e3] Error 1
make[1]: Leaving directory '/home/clme1717/Git/dbAccess/libs/mariadb/mariadb-connector-c-3.0.2-src/CMakeFiles/CMakeTmp'
Makefile:126: recipe for target 'cmTC_dd3e3/fast' failed
make: *** [cmTC_dd3e3/fast] Error 2


Determining if the function pthread_attr_create exists failed with the following output:
Change Dir: /home/clme1717/Git/dbAccess/libs/mariadb/mariadb-connector-c-3.0.2-src/CMakeFiles/CMakeTmp

Run Build Command:"/usr/bin/make" "cmTC_8d98e/fast"
/usr/bin/make -f CMakeFiles/cmTC_8d98e.dir/build.make CMakeFiles/cmTC_8d98e.dir/build
make[1]: Entering directory '/home/clme1717/Git/dbAccess/libs/mariadb/mariadb-connector-c-3.0.2-src/CMakeFiles/CMakeTmp'
Building C object CMakeFiles/cmTC_8d98e.dir/CheckFunctionExists.c.o
/usr/bin/cc   -I/home/clme1717/Git/dbAccess/libs/mariadb/mariadb-connector-c-3.0.2-src/CMakeFiles/CMakeTmp/pthread.h  -Wunused -Wno-uninitialized -Wall -Wextra -Wformat-security -Wno-init-self -Wwrite-strings -Wshift-count-overflow -Wdeclaration-after-statement -DCHECK_FUNCTION_EXISTS=pthread_attr_create   -o CMakeFiles/cmTC_8d98e.dir/CheckFunctionExists.c.o   -c /usr/share/cmake-3.5/Modules/CheckFunctionExists.c
Linking C executable cmTC_8d98e
/usr/bin/cmake -E cmake_link_script CMakeFiles/cmTC_8d98e.dir/link.txt --verbose=1
/usr/bin/cc   -Wunused -Wno-uninitialized -Wall -Wextra -Wformat-security -Wno-init-self -Wwrite-strings -Wshift-count-overflow -Wdeclaration-after-statement -DCHECK_FUNCTION_EXISTS=pthread_attr_create    CMakeFiles/cmTC_8d98e.dir/CheckFunctionExists.c.o  -o cmTC_8d98e -rdynamic -lnsl -ldl -lm -lpthread 
CMakeFiles/cmTC_8d98e.dir/CheckFunctionExists.c.o: In function `main':
CheckFunctionExists.c:(.text+0x15): undefined reference to `pthread_attr_create'
collect2: error: ld returned 1 exit status
CMakeFiles/cmTC_8d98e.dir/build.make:97: recipe for target 'cmTC_8d98e' failed
make[1]: *** [cmTC_8d98e] Error 1
make[1]: Leaving directory '/home/clme1717/Git/dbAccess/libs/mariadb/mariadb-connector-c-3.0.2-src/CMakeFiles/CMakeTmp'
Makefile:126: recipe for target 'cmTC_8d98e/fast' failed
make: *** [cmTC_8d98e/fast] Error 2


Determining if the function pthread_attr_setprio exists failed with the following output:
Change Dir: /home/clme1717/Git/dbAccess/libs/mariadb/mariadb-connector-c-3.0.2-src/CMakeFiles/CMakeTmp

Run Build Command:"/usr/bin/make" "cmTC_ee0fa/fast"
/usr/bin/make -f CMakeFiles/cmTC_ee0fa.dir/build.make CMakeFiles/cmTC_ee0fa.dir/build
make[1]: Entering directory '/home/clme1717/Git/dbAccess/libs/mariadb/mariadb-connector-c-3.0.2-src/CMakeFiles/CMakeTmp'
Building C object CMakeFiles/cmTC_ee0fa.dir/CheckFunctionExists.c.o
/usr/bin/cc   -I/home/clme1717/Git/dbAccess/libs/mariadb/mariadb-connector-c-3.0.2-src/CMakeFiles/CMakeTmp/pthread.h  -Wunused -Wno-uninitialized -Wall -Wextra -Wformat-security -Wno-init-self -Wwrite-strings -Wshift-count-overflow -Wdeclaration-after-statement -DCHECK_FUNCTION_EXISTS=pthread_attr_setprio   -o CMakeFiles/cmTC_ee0fa.dir/CheckFunctionExists.c.o   -c /usr/share/cmake-3.5/Modules/CheckFunctionExists.c
Linking C executable cmTC_ee0fa
/usr/bin/cmake -E cmake_link_script CMakeFiles/cmTC_ee0fa.dir/link.txt --verbose=1
/usr/bin/cc   -Wunused -Wno-uninitialized -Wall -Wextra -Wformat-security -Wno-init-self -Wwrite-strings -Wshift-count-overflow -Wdeclaration-after-statement -DCHECK_FUNCTION_EXISTS=pthread_attr_setprio    CMakeFiles/cmTC_ee0fa.dir/CheckFunctionExists.c.o  -o cmTC_ee0fa -rdynamic -lnsl -ldl -lm -lpthread 
CMakeFiles/cmTC_ee0fa.dir/CheckFunctionExists.c.o: In function `main':
CheckFunctionExists.c:(.text+0x15): undefined reference to `pthread_attr_setprio'
collect2: error: ld returned 1 exit status
CMakeFiles/cmTC_ee0fa.dir/build.make:97: recipe for target 'cmTC_ee0fa' failed
make[1]: *** [cmTC_ee0fa] Error 1
make[1]: Leaving directory '/home/clme1717/Git/dbAccess/libs/mariadb/mariadb-connector-c-3.0.2-src/CMakeFiles/CMakeTmp'
Makefile:126: recipe for target 'cmTC_ee0fa/fast' failed
make: *** [cmTC_ee0fa/fast] Error 2


Determining if the function pthread_condattr_create exists failed with the following output:
Change Dir: /home/clme1717/Git/dbAccess/libs/mariadb/mariadb-connector-c-3.0.2-src/CMakeFiles/CMakeTmp

Run Build Command:"/usr/bin/make" "cmTC_45274/fast"
/usr/bin/make -f CMakeFiles/cmTC_45274.dir/build.make CMakeFiles/cmTC_45274.dir/build
make[1]: Entering directory '/home/clme1717/Git/dbAccess/libs/mariadb/mariadb-connector-c-3.0.2-src/CMakeFiles/CMakeTmp'
Building C object CMakeFiles/cmTC_45274.dir/CheckFunctionExists.c.o
/usr/bin/cc   -I/home/clme1717/Git/dbAccess/libs/mariadb/mariadb-connector-c-3.0.2-src/CMakeFiles/CMakeTmp/pthread.h  -Wunused -Wno-uninitialized -Wall -Wextra -Wformat-security -Wno-init-self -Wwrite-strings -Wshift-count-overflow -Wdeclaration-after-statement -DCHECK_FUNCTION_EXISTS=pthread_condattr_create   -o CMakeFiles/cmTC_45274.dir/CheckFunctionExists.c.o   -c /usr/share/cmake-3.5/Modules/CheckFunctionExists.c
Linking C executable cmTC_45274
/usr/bin/cmake -E cmake_link_script CMakeFiles/cmTC_45274.dir/link.txt --verbose=1
/usr/bin/cc   -Wunused -Wno-uninitialized -Wall -Wextra -Wformat-security -Wno-init-self -Wwrite-strings -Wshift-count-overflow -Wdeclaration-after-statement -DCHECK_FUNCTION_EXISTS=pthread_condattr_create    CMakeFiles/cmTC_45274.dir/CheckFunctionExists.c.o  -o cmTC_45274 -rdynamic -lnsl -ldl -lm -lpthread 
CMakeFiles/cmTC_45274.dir/CheckFunctionExists.c.o: In function `main':
CheckFunctionExists.c:(.text+0x15): undefined reference to `pthread_condattr_create'
collect2: error: ld returned 1 exit status
CMakeFiles/cmTC_45274.dir/build.make:97: recipe for target 'cmTC_45274' failed
make[1]: *** [cmTC_45274] Error 1
make[1]: Leaving directory '/home/clme1717/Git/dbAccess/libs/mariadb/mariadb-connector-c-3.0.2-src/CMakeFiles/CMakeTmp'
Makefile:126: recipe for target 'cmTC_45274/fast' failed
make: *** [cmTC_45274/fast] Error 2


Determining if the function pthread_init exists failed with the following output:
Change Dir: /home/clme1717/Git/dbAccess/libs/mariadb/mariadb-connector-c-3.0.2-src/CMakeFiles/CMakeTmp

Run Build Command:"/usr/bin/make" "cmTC_e90c6/fast"
/usr/bin/make -f CMakeFiles/cmTC_e90c6.dir/build.make CMakeFiles/cmTC_e90c6.dir/build
make[1]: Entering directory '/home/clme1717/Git/dbAccess/libs/mariadb/mariadb-connector-c-3.0.2-src/CMakeFiles/CMakeTmp'
Building C object CMakeFiles/cmTC_e90c6.dir/CheckFunctionExists.c.o
/usr/bin/cc   -I/home/clme1717/Git/dbAccess/libs/mariadb/mariadb-connector-c-3.0.2-src/CMakeFiles/CMakeTmp/pthread.h  -Wunused -Wno-uninitialized -Wall -Wextra -Wformat-security -Wno-init-self -Wwrite-strings -Wshift-count-overflow -Wdeclaration-after-statement -DCHECK_FUNCTION_EXISTS=pthread_init   -o CMakeFiles/cmTC_e90c6.dir/CheckFunctionExists.c.o   -c /usr/share/cmake-3.5/Modules/CheckFunctionExists.c
Linking C executable cmTC_e90c6
/usr/bin/cmake -E cmake_link_script CMakeFiles/cmTC_e90c6.dir/link.txt --verbose=1
/usr/bin/cc   -Wunused -Wno-uninitialized -Wall -Wextra -Wformat-security -Wno-init-self -Wwrite-strings -Wshift-count-overflow -Wdeclaration-after-statement -DCHECK_FUNCTION_EXISTS=pthread_init    CMakeFiles/cmTC_e90c6.dir/CheckFunctionExists.c.o  -o cmTC_e90c6 -rdynamic -lnsl -ldl -lm -lpthread 
CMakeFiles/cmTC_e90c6.dir/CheckFunctionExists.c.o: In function `main':
CheckFunctionExists.c:(.text+0x15): undefined reference to `pthread_init'
collect2: error: ld returned 1 exit status
CMakeFiles/cmTC_e90c6.dir/build.make:97: recipe for target 'cmTC_e90c6' failed
make[1]: *** [cmTC_e90c6] Error 1
make[1]: Leaving directory '/home/clme1717/Git/dbAccess/libs/mariadb/mariadb-connector-c-3.0.2-src/CMakeFiles/CMakeTmp'
Makefile:126: recipe for target 'cmTC_e90c6/fast' failed
make: *** [cmTC_e90c6/fast] Error 2


Determining if the function pthread_setprio_np exists failed with the following output:
Change Dir: /home/clme1717/Git/dbAccess/libs/mariadb/mariadb-connector-c-3.0.2-src/CMakeFiles/CMakeTmp

Run Build Command:"/usr/bin/make" "cmTC_66786/fast"
/usr/bin/make -f CMakeFiles/cmTC_66786.dir/build.make CMakeFiles/cmTC_66786.dir/build
make[1]: Entering directory '/home/clme1717/Git/dbAccess/libs/mariadb/mariadb-connector-c-3.0.2-src/CMakeFiles/CMakeTmp'
Building C object CMakeFiles/cmTC_66786.dir/CheckFunctionExists.c.o
/usr/bin/cc   -I/home/clme1717/Git/dbAccess/libs/mariadb/mariadb-connector-c-3.0.2-src/CMakeFiles/CMakeTmp/pthread.h  -Wunused -Wno-uninitialized -Wall -Wextra -Wformat-security -Wno-init-self -Wwrite-strings -Wshift-count-overflow -Wdeclaration-after-statement -DCHECK_FUNCTION_EXISTS=pthread_setprio_np   -o CMakeFiles/cmTC_66786.dir/CheckFunctionExists.c.o   -c /usr/share/cmake-3.5/Modules/CheckFunctionExists.c
Linking C executable cmTC_66786
/usr/bin/cmake -E cmake_link_script CMakeFiles/cmTC_66786.dir/link.txt --verbose=1
/usr/bin/cc   -Wunused -Wno-uninitialized -Wall -Wextra -Wformat-security -Wno-init-self -Wwrite-strings -Wshift-count-overflow -Wdeclaration-after-statement -DCHECK_FUNCTION_EXISTS=pthread_setprio_np    CMakeFiles/cmTC_66786.dir/CheckFunctionExists.c.o  -o cmTC_66786 -rdynamic -lnsl -ldl -lm -lpthread 
CMakeFiles/cmTC_66786.dir/CheckFunctionExists.c.o: In function `main':
CheckFunctionExists.c:(.text+0x15): undefined reference to `pthread_setprio_np'
collect2: error: ld returned 1 exit status
CMakeFiles/cmTC_66786.dir/build.make:97: recipe for target 'cmTC_66786' failed
make[1]: *** [cmTC_66786] Error 1
make[1]: Leaving directory '/home/clme1717/Git/dbAccess/libs/mariadb/mariadb-connector-c-3.0.2-src/CMakeFiles/CMakeTmp'
Makefile:126: recipe for target 'cmTC_66786/fast' failed
make: *** [cmTC_66786/fast] Error 2


Determining if the function pthread_threadmask exists failed with the following output:
Change Dir: /home/clme1717/Git/dbAccess/libs/mariadb/mariadb-connector-c-3.0.2-src/CMakeFiles/CMakeTmp

Run Build Command:"/usr/bin/make" "cmTC_af332/fast"
/usr/bin/make -f CMakeFiles/cmTC_af332.dir/build.make CMakeFiles/cmTC_af332.dir/build
make[1]: Entering directory '/home/clme1717/Git/dbAccess/libs/mariadb/mariadb-connector-c-3.0.2-src/CMakeFiles/CMakeTmp'
Building C object CMakeFiles/cmTC_af332.dir/CheckFunctionExists.c.o
/usr/bin/cc   -I/home/clme1717/Git/dbAccess/libs/mariadb/mariadb-connector-c-3.0.2-src/CMakeFiles/CMakeTmp/pthread.h  -Wunused -Wno-uninitialized -Wall -Wextra -Wformat-security -Wno-init-self -Wwrite-strings -Wshift-count-overflow -Wdeclaration-after-statement -DCHECK_FUNCTION_EXISTS=pthread_threadmask   -o CMakeFiles/cmTC_af332.dir/CheckFunctionExists.c.o   -c /usr/share/cmake-3.5/Modules/CheckFunctionExists.c
Linking C executable cmTC_af332
/usr/bin/cmake -E cmake_link_script CMakeFiles/cmTC_af332.dir/link.txt --verbose=1
/usr/bin/cc   -Wunused -Wno-uninitialized -Wall -Wextra -Wformat-security -Wno-init-self -Wwrite-strings -Wshift-count-overflow -Wdeclaration-after-statement -DCHECK_FUNCTION_EXISTS=pthread_threadmask    CMakeFiles/cmTC_af332.dir/CheckFunctionExists.c.o  -o cmTC_af332 -rdynamic -lnsl -ldl -lm -lpthread 
CMakeFiles/cmTC_af332.dir/CheckFunctionExists.c.o: In function `main':
CheckFunctionExists.c:(.text+0x15): undefined reference to `pthread_threadmask'
collect2: error: ld returned 1 exit status
CMakeFiles/cmTC_af332.dir/build.make:97: recipe for target 'cmTC_af332' failed
make[1]: *** [cmTC_af332] Error 1
make[1]: Leaving directory '/home/clme1717/Git/dbAccess/libs/mariadb/mariadb-connector-c-3.0.2-src/CMakeFiles/CMakeTmp'
Makefile:126: recipe for target 'cmTC_af332/fast' failed
make: *** [cmTC_af332/fast] Error 2


Determining if the function pthread_yield_np exists failed with the following output:
Change Dir: /home/clme1717/Git/dbAccess/libs/mariadb/mariadb-connector-c-3.0.2-src/CMakeFiles/CMakeTmp

Run Build Command:"/usr/bin/make" "cmTC_0ef78/fast"
/usr/bin/make -f CMakeFiles/cmTC_0ef78.dir/build.make CMakeFiles/cmTC_0ef78.dir/build
make[1]: Entering directory '/home/clme1717/Git/dbAccess/libs/mariadb/mariadb-connector-c-3.0.2-src/CMakeFiles/CMakeTmp'
Building C object CMakeFiles/cmTC_0ef78.dir/CheckFunctionExists.c.o
/usr/bin/cc   -I/home/clme1717/Git/dbAccess/libs/mariadb/mariadb-connector-c-3.0.2-src/CMakeFiles/CMakeTmp/pthread.h  -Wunused -Wno-uninitialized -Wall -Wextra -Wformat-security -Wno-init-self -Wwrite-strings -Wshift-count-overflow -Wdeclaration-after-statement -DCHECK_FUNCTION_EXISTS=pthread_yield_np   -o CMakeFiles/cmTC_0ef78.dir/CheckFunctionExists.c.o   -c /usr/share/cmake-3.5/Modules/CheckFunctionExists.c
Linking C executable cmTC_0ef78
/usr/bin/cmake -E cmake_link_script CMakeFiles/cmTC_0ef78.dir/link.txt --verbose=1
/usr/bin/cc   -Wunused -Wno-uninitialized -Wall -Wextra -Wformat-security -Wno-init-self -Wwrite-strings -Wshift-count-overflow -Wdeclaration-after-statement -DCHECK_FUNCTION_EXISTS=pthread_yield_np    CMakeFiles/cmTC_0ef78.dir/CheckFunctionExists.c.o  -o cmTC_0ef78 -rdynamic -lnsl -ldl -lm -lpthread 
CMakeFiles/cmTC_0ef78.dir/CheckFunctionExists.c.o: In function `main':
CheckFunctionExists.c:(.text+0x15): undefined reference to `pthread_yield_np'
collect2: error: ld returned 1 exit status
CMakeFiles/cmTC_0ef78.dir/build.make:97: recipe for target 'cmTC_0ef78' failed
make[1]: *** [cmTC_0ef78] Error 1
make[1]: Leaving directory '/home/clme1717/Git/dbAccess/libs/mariadb/mariadb-connector-c-3.0.2-src/CMakeFiles/CMakeTmp'
Makefile:126: recipe for target 'cmTC_0ef78/fast' failed
make: *** [cmTC_0ef78/fast] Error 2


Determining if the function setfd exists failed with the following output:
Change Dir: /home/clme1717/Git/dbAccess/libs/mariadb/mariadb-connector-c-3.0.2-src/CMakeFiles/CMakeTmp

Run Build Command:"/usr/bin/make" "cmTC_75dc1/fast"
/usr/bin/make -f CMakeFiles/cmTC_75dc1.dir/build.make CMakeFiles/cmTC_75dc1.dir/build
make[1]: Entering directory '/home/clme1717/Git/dbAccess/libs/mariadb/mariadb-connector-c-3.0.2-src/CMakeFiles/CMakeTmp'
Building C object CMakeFiles/cmTC_75dc1.dir/CheckFunctionExists.c.o
/usr/bin/cc   -I/home/clme1717/Git/dbAccess/libs/mariadb/mariadb-connector-c-3.0.2-src/CMakeFiles/CMakeTmp/pthread.h  -Wunused -Wno-uninitialized -Wall -Wextra -Wformat-security -Wno-init-self -Wwrite-strings -Wshift-count-overflow -Wdeclaration-after-statement -DCHECK_FUNCTION_EXISTS=setfd   -o CMakeFiles/cmTC_75dc1.dir/CheckFunctionExists.c.o   -c /usr/share/cmake-3.5/Modules/CheckFunctionExists.c
Linking C executable cmTC_75dc1
/usr/bin/cmake -E cmake_link_script CMakeFiles/cmTC_75dc1.dir/link.txt --verbose=1
/usr/bin/cc   -Wunused -Wno-uninitialized -Wall -Wextra -Wformat-security -Wno-init-self -Wwrite-strings -Wshift-count-overflow -Wdeclaration-after-statement -DCHECK_FUNCTION_EXISTS=setfd    CMakeFiles/cmTC_75dc1.dir/CheckFunctionExists.c.o  -o cmTC_75dc1 -rdynamic -lnsl -ldl -lm -lpthread 
CMakeFiles/cmTC_75dc1.dir/CheckFunctionExists.c.o: In function `main':
CheckFunctionExists.c:(.text+0x15): undefined reference to `setfd'
collect2: error: ld returned 1 exit status
CMakeFiles/cmTC_75dc1.dir/build.make:97: recipe for target 'cmTC_75dc1' failed
make[1]: *** [cmTC_75dc1] Error 1
make[1]: Leaving directory '/home/clme1717/Git/dbAccess/libs/mariadb/mariadb-connector-c-3.0.2-src/CMakeFiles/CMakeTmp'
Makefile:126: recipe for target 'cmTC_75dc1/fast' failed
make: *** [cmTC_75dc1/fast] Error 2


Determining if the function setfilepointer exists failed with the following output:
Change Dir: /home/clme1717/Git/dbAccess/libs/mariadb/mariadb-connector-c-3.0.2-src/CMakeFiles/CMakeTmp

Run Build Command:"/usr/bin/make" "cmTC_97f8d/fast"
/usr/bin/make -f CMakeFiles/cmTC_97f8d.dir/build.make CMakeFiles/cmTC_97f8d.dir/build
make[1]: Entering directory '/home/clme1717/Git/dbAccess/libs/mariadb/mariadb-connector-c-3.0.2-src/CMakeFiles/CMakeTmp'
Building C object CMakeFiles/cmTC_97f8d.dir/CheckFunctionExists.c.o
/usr/bin/cc   -I/home/clme1717/Git/dbAccess/libs/mariadb/mariadb-connector-c-3.0.2-src/CMakeFiles/CMakeTmp/pthread.h  -Wunused -Wno-uninitialized -Wall -Wextra -Wformat-security -Wno-init-self -Wwrite-strings -Wshift-count-overflow -Wdeclaration-after-statement -DCHECK_FUNCTION_EXISTS=setfilepointer   -o CMakeFiles/cmTC_97f8d.dir/CheckFunctionExists.c.o   -c /usr/share/cmake-3.5/Modules/CheckFunctionExists.c
Linking C executable cmTC_97f8d
/usr/bin/cmake -E cmake_link_script CMakeFiles/cmTC_97f8d.dir/link.txt --verbose=1
/usr/bin/cc   -Wunused -Wno-uninitialized -Wall -Wextra -Wformat-security -Wno-init-self -Wwrite-strings -Wshift-count-overflow -Wdeclaration-after-statement -DCHECK_FUNCTION_EXISTS=setfilepointer    CMakeFiles/cmTC_97f8d.dir/CheckFunctionExists.c.o  -o cmTC_97f8d -rdynamic -lnsl -ldl -lm -lpthread 
CMakeFiles/cmTC_97f8d.dir/CheckFunctionExists.c.o: In function `main':
CheckFunctionExists.c:(.text+0x15): undefined reference to `setfilepointer'
collect2: error: ld returned 1 exit status
CMakeFiles/cmTC_97f8d.dir/build.make:97: recipe for target 'cmTC_97f8d' failed
make[1]: *** [cmTC_97f8d] Error 1
make[1]: Leaving directory '/home/clme1717/Git/dbAccess/libs/mariadb/mariadb-connector-c-3.0.2-src/CMakeFiles/CMakeTmp'
Makefile:126: recipe for target 'cmTC_97f8d/fast' failed
make: *** [cmTC_97f8d/fast] Error 2


Determining if the function sigthreadmask exists failed with the following output:
Change Dir: /home/clme1717/Git/dbAccess/libs/mariadb/mariadb-connector-c-3.0.2-src/CMakeFiles/CMakeTmp

Run Build Command:"/usr/bin/make" "cmTC_70a3e/fast"
/usr/bin/make -f CMakeFiles/cmTC_70a3e.dir/build.make CMakeFiles/cmTC_70a3e.dir/build
make[1]: Entering directory '/home/clme1717/Git/dbAccess/libs/mariadb/mariadb-connector-c-3.0.2-src/CMakeFiles/CMakeTmp'
Building C object CMakeFiles/cmTC_70a3e.dir/CheckFunctionExists.c.o
/usr/bin/cc   -I/home/clme1717/Git/dbAccess/libs/mariadb/mariadb-connector-c-3.0.2-src/CMakeFiles/CMakeTmp/pthread.h  -Wunused -Wno-uninitialized -Wall -Wextra -Wformat-security -Wno-init-self -Wwrite-strings -Wshift-count-overflow -Wdeclaration-after-statement -DCHECK_FUNCTION_EXISTS=sigthreadmask   -o CMakeFiles/cmTC_70a3e.dir/CheckFunctionExists.c.o   -c /usr/share/cmake-3.5/Modules/CheckFunctionExists.c
Linking C executable cmTC_70a3e
/usr/bin/cmake -E cmake_link_script CMakeFiles/cmTC_70a3e.dir/link.txt --verbose=1
/usr/bin/cc   -Wunused -Wno-uninitialized -Wall -Wextra -Wformat-security -Wno-init-self -Wwrite-strings -Wshift-count-overflow -Wdeclaration-after-statement -DCHECK_FUNCTION_EXISTS=sigthreadmask    CMakeFiles/cmTC_70a3e.dir/CheckFunctionExists.c.o  -o cmTC_70a3e -rdynamic -lnsl -ldl -lm -lpthread 
CMakeFiles/cmTC_70a3e.dir/CheckFunctionExists.c.o: In function `main':
CheckFunctionExists.c:(.text+0x15): undefined reference to `sigthreadmask'
collect2: error: ld returned 1 exit status
CMakeFiles/cmTC_70a3e.dir/build.make:97: recipe for target 'cmTC_70a3e' failed
make[1]: *** [cmTC_70a3e] Error 1
make[1]: Leaving directory '/home/clme1717/Git/dbAccess/libs/mariadb/mariadb-connector-c-3.0.2-src/CMakeFiles/CMakeTmp'
Makefile:126: recipe for target 'cmTC_70a3e/fast' failed
make: *** [cmTC_70a3e/fast] Error 2


Determining if the function strlcpy exists failed with the following output:
Change Dir: /home/clme1717/Git/dbAccess/libs/mariadb/mariadb-connector-c-3.0.2-src/CMakeFiles/CMakeTmp

Run Build Command:"/usr/bin/make" "cmTC_d360b/fast"
/usr/bin/make -f CMakeFiles/cmTC_d360b.dir/build.make CMakeFiles/cmTC_d360b.dir/build
make[1]: Entering directory '/home/clme1717/Git/dbAccess/libs/mariadb/mariadb-connector-c-3.0.2-src/CMakeFiles/CMakeTmp'
Building C object CMakeFiles/cmTC_d360b.dir/CheckFunctionExists.c.o
/usr/bin/cc   -I/home/clme1717/Git/dbAccess/libs/mariadb/mariadb-connector-c-3.0.2-src/CMakeFiles/CMakeTmp/pthread.h  -Wunused -Wno-uninitialized -Wall -Wextra -Wformat-security -Wno-init-self -Wwrite-strings -Wshift-count-overflow -Wdeclaration-after-statement -DCHECK_FUNCTION_EXISTS=strlcpy   -o CMakeFiles/cmTC_d360b.dir/CheckFunctionExists.c.o   -c /usr/share/cmake-3.5/Modules/CheckFunctionExists.c
Linking C executable cmTC_d360b
/usr/bin/cmake -E cmake_link_script CMakeFiles/cmTC_d360b.dir/link.txt --verbose=1
/usr/bin/cc   -Wunused -Wno-uninitialized -Wall -Wextra -Wformat-security -Wno-init-self -Wwrite-strings -Wshift-count-overflow -Wdeclaration-after-statement -DCHECK_FUNCTION_EXISTS=strlcpy    CMakeFiles/cmTC_d360b.dir/CheckFunctionExists.c.o  -o cmTC_d360b -rdynamic -lnsl -ldl -lm -lpthread 
CMakeFiles/cmTC_d360b.dir/CheckFunctionExists.c.o: In function `main':
CheckFunctionExists.c:(.text+0x15): undefined reference to `strlcpy'
collect2: error: ld returned 1 exit status
CMakeFiles/cmTC_d360b.dir/build.make:97: recipe for target 'cmTC_d360b' failed
make[1]: *** [cmTC_d360b] Error 1
make[1]: Leaving directory '/home/clme1717/Git/dbAccess/libs/mariadb/mariadb-connector-c-3.0.2-src/CMakeFiles/CMakeTmp'
Makefile:126: recipe for target 'cmTC_d360b/fast' failed
make: *** [cmTC_d360b/fast] Error 2


Determining if the function tell exists failed with the following output:
Change Dir: /home/clme1717/Git/dbAccess/libs/mariadb/mariadb-connector-c-3.0.2-src/CMakeFiles/CMakeTmp

Run Build Command:"/usr/bin/make" "cmTC_fe2e4/fast"
/usr/bin/make -f CMakeFiles/cmTC_fe2e4.dir/build.make CMakeFiles/cmTC_fe2e4.dir/build
make[1]: Entering directory '/home/clme1717/Git/dbAccess/libs/mariadb/mariadb-connector-c-3.0.2-src/CMakeFiles/CMakeTmp'
Building C object CMakeFiles/cmTC_fe2e4.dir/CheckFunctionExists.c.o
/usr/bin/cc   -I/home/clme1717/Git/dbAccess/libs/mariadb/mariadb-connector-c-3.0.2-src/CMakeFiles/CMakeTmp/pthread.h  -Wunused -Wno-uninitialized -Wall -Wextra -Wformat-security -Wno-init-self -Wwrite-strings -Wshift-count-overflow -Wdeclaration-after-statement -DCHECK_FUNCTION_EXISTS=tell   -o CMakeFiles/cmTC_fe2e4.dir/CheckFunctionExists.c.o   -c /usr/share/cmake-3.5/Modules/CheckFunctionExists.c
Linking C executable cmTC_fe2e4
/usr/bin/cmake -E cmake_link_script CMakeFiles/cmTC_fe2e4.dir/link.txt --verbose=1
/usr/bin/cc   -Wunused -Wno-uninitialized -Wall -Wextra -Wformat-security -Wno-init-self -Wwrite-strings -Wshift-count-overflow -Wdeclaration-after-statement -DCHECK_FUNCTION_EXISTS=tell    CMakeFiles/cmTC_fe2e4.dir/CheckFunctionExists.c.o  -o cmTC_fe2e4 -rdynamic -lnsl -ldl -lm -lpthread 
CMakeFiles/cmTC_fe2e4.dir/CheckFunctionExists.c.o: In function `main':
CheckFunctionExists.c:(.text+0x15): undefined reference to `tell'
collect2: error: ld returned 1 exit status
CMakeFiles/cmTC_fe2e4.dir/build.make:97: recipe for target 'cmTC_fe2e4' failed
make[1]: *** [cmTC_fe2e4] Error 1
make[1]: Leaving directory '/home/clme1717/Git/dbAccess/libs/mariadb/mariadb-connector-c-3.0.2-src/CMakeFiles/CMakeTmp'
Makefile:126: recipe for target 'cmTC_fe2e4/fast' failed
make: *** [cmTC_fe2e4/fast] Error 2


Determining if the function thr_setconcurrency exists failed with the following output:
Change Dir: /home/clme1717/Git/dbAccess/libs/mariadb/mariadb-connector-c-3.0.2-src/CMakeFiles/CMakeTmp

Run Build Command:"/usr/bin/make" "cmTC_37d43/fast"
/usr/bin/make -f CMakeFiles/cmTC_37d43.dir/build.make CMakeFiles/cmTC_37d43.dir/build
make[1]: Entering directory '/home/clme1717/Git/dbAccess/libs/mariadb/mariadb-connector-c-3.0.2-src/CMakeFiles/CMakeTmp'
Building C object CMakeFiles/cmTC_37d43.dir/CheckFunctionExists.c.o
/usr/bin/cc   -I/home/clme1717/Git/dbAccess/libs/mariadb/mariadb-connector-c-3.0.2-src/CMakeFiles/CMakeTmp/pthread.h  -Wunused -Wno-uninitialized -Wall -Wextra -Wformat-security -Wno-init-self -Wwrite-strings -Wshift-count-overflow -Wdeclaration-after-statement -DCHECK_FUNCTION_EXISTS=thr_setconcurrency   -o CMakeFiles/cmTC_37d43.dir/CheckFunctionExists.c.o   -c /usr/share/cmake-3.5/Modules/CheckFunctionExists.c
Linking C executable cmTC_37d43
/usr/bin/cmake -E cmake_link_script CMakeFiles/cmTC_37d43.dir/link.txt --verbose=1
/usr/bin/cc   -Wunused -Wno-uninitialized -Wall -Wextra -Wformat-security -Wno-init-self -Wwrite-strings -Wshift-count-overflow -Wdeclaration-after-statement -DCHECK_FUNCTION_EXISTS=thr_setconcurrency    CMakeFiles/cmTC_37d43.dir/CheckFunctionExists.c.o  -o cmTC_37d43 -rdynamic -lnsl -ldl -lm -lpthread 
CMakeFiles/cmTC_37d43.dir/CheckFunctionExists.c.o: In function `main':
CheckFunctionExists.c:(.text+0x15): undefined reference to `thr_setconcurrency'
collect2: error: ld returned 1 exit status
CMakeFiles/cmTC_37d43.dir/build.make:97: recipe for target 'cmTC_37d43' failed
make[1]: *** [cmTC_37d43] Error 1
make[1]: Leaving directory '/home/clme1717/Git/dbAccess/libs/mariadb/mariadb-connector-c-3.0.2-src/CMakeFiles/CMakeTmp'
Makefile:126: recipe for target 'cmTC_37d43/fast' failed
make: *** [cmTC_37d43/fast] Error 2


Determining if the function thr_yield exists failed with the following output:
Change Dir: /home/clme1717/Git/dbAccess/libs/mariadb/mariadb-connector-c-3.0.2-src/CMakeFiles/CMakeTmp

Run Build Command:"/usr/bin/make" "cmTC_8f871/fast"
/usr/bin/make -f CMakeFiles/cmTC_8f871.dir/build.make CMakeFiles/cmTC_8f871.dir/build
make[1]: Entering directory '/home/clme1717/Git/dbAccess/libs/mariadb/mariadb-connector-c-3.0.2-src/CMakeFiles/CMakeTmp'
Building C object CMakeFiles/cmTC_8f871.dir/CheckFunctionExists.c.o
/usr/bin/cc   -I/home/clme1717/Git/dbAccess/libs/mariadb/mariadb-connector-c-3.0.2-src/CMakeFiles/CMakeTmp/pthread.h  -Wunused -Wno-uninitialized -Wall -Wextra -Wformat-security -Wno-init-self -Wwrite-strings -Wshift-count-overflow -Wdeclaration-after-statement -DCHECK_FUNCTION_EXISTS=thr_yield   -o CMakeFiles/cmTC_8f871.dir/CheckFunctionExists.c.o   -c /usr/share/cmake-3.5/Modules/CheckFunctionExists.c
Linking C executable cmTC_8f871
/usr/bin/cmake -E cmake_link_script CMakeFiles/cmTC_8f871.dir/link.txt --verbose=1
/usr/bin/cc   -Wunused -Wno-uninitialized -Wall -Wextra -Wformat-security -Wno-init-self -Wwrite-strings -Wshift-count-overflow -Wdeclaration-after-statement -DCHECK_FUNCTION_EXISTS=thr_yield    CMakeFiles/cmTC_8f871.dir/CheckFunctionExists.c.o  -o cmTC_8f871 -rdynamic -lnsl -ldl -lm -lpthread 
CMakeFiles/cmTC_8f871.dir/CheckFunctionExists.c.o: In function `main':
CheckFunctionExists.c:(.text+0x15): undefined reference to `thr_yield'
collect2: error: ld returned 1 exit status
CMakeFiles/cmTC_8f871.dir/build.make:97: recipe for target 'cmTC_8f871' failed
make[1]: *** [cmTC_8f871] Error 1
make[1]: Leaving directory '/home/clme1717/Git/dbAccess/libs/mariadb/mariadb-connector-c-3.0.2-src/CMakeFiles/CMakeTmp'
Makefile:126: recipe for target 'cmTC_8f871/fast' failed
make: *** [cmTC_8f871/fast] Error 2


Determining size of uchar failed with the following output:
Change Dir: /home/clme1717/Git/dbAccess/libs/mariadb/mariadb-connector-c-3.0.2-src/CMakeFiles/CMakeTmp

Run Build Command:"/usr/bin/make" "cmTC_8ff77/fast"
/usr/bin/make -f CMakeFiles/cmTC_8ff77.dir/build.make CMakeFiles/cmTC_8ff77.dir/build
make[1]: Entering directory '/home/clme1717/Git/dbAccess/libs/mariadb/mariadb-connector-c-3.0.2-src/CMakeFiles/CMakeTmp'
Building C object CMakeFiles/cmTC_8ff77.dir/SIZEOF_UCHAR.c.o
/usr/bin/cc   -I/home/clme1717/Git/dbAccess/libs/mariadb/mariadb-connector-c-3.0.2-src/CMakeFiles/CMakeTmp/pthread.h  -Wunused -Wno-uninitialized -Wall -Wextra -Wformat-security -Wno-init-self -Wwrite-strings -Wshift-count-overflow -Wdeclaration-after-statement    -o CMakeFiles/cmTC_8ff77.dir/SIZEOF_UCHAR.c.o   -c /home/clme1717/Git/dbAccess/libs/mariadb/mariadb-connector-c-3.0.2-src/CMakeFiles/CheckTypeSize/SIZEOF_UCHAR.c
/home/clme1717/Git/dbAccess/libs/mariadb/mariadb-connector-c-3.0.2-src/CMakeFiles/CheckTypeSize/SIZEOF_UCHAR.c:18:22: error: ‘uchar’ undeclared here (not in a function)
 #define SIZE (sizeof(uchar))
                      ^
/home/clme1717/Git/dbAccess/libs/mariadb/mariadb-connector-c-3.0.2-src/CMakeFiles/CheckTypeSize/SIZEOF_UCHAR.c:20:12: note: in expansion of macro ‘SIZE’
   ('0' + ((SIZE / 10000)%10)),
            ^
CMakeFiles/cmTC_8ff77.dir/build.make:65: recipe for target 'CMakeFiles/cmTC_8ff77.dir/SIZEOF_UCHAR.c.o' failed
make[1]: *** [CMakeFiles/cmTC_8ff77.dir/SIZEOF_UCHAR.c.o] Error 1
make[1]: Leaving directory '/home/clme1717/Git/dbAccess/libs/mariadb/mariadb-connector-c-3.0.2-src/CMakeFiles/CMakeTmp'
Makefile:126: recipe for target 'cmTC_8ff77/fast' failed
make: *** [cmTC_8ff77/fast] Error 2

/home/clme1717/Git/dbAccess/libs/mariadb/mariadb-connector-c-3.0.2-src/CMakeFiles/CheckTypeSize/SIZEOF_UCHAR.c:
#include <sys/types.h>
#include <stdint.h>
#include <stddef.h>
#include "sys/types.h"


#undef KEY
#if defined(__i386)
# define KEY '_','_','i','3','8','6'
#elif defined(__x86_64)
# define KEY '_','_','x','8','6','_','6','4'
#elif defined(__ppc__)
# define KEY '_','_','p','p','c','_','_'
#elif defined(__ppc64__)
# define KEY '_','_','p','p','c','6','4','_','_'
#endif

#define SIZE (sizeof(uchar))
char info_size[] =  {'I', 'N', 'F', 'O', ':', 's','i','z','e','[',
  ('0' + ((SIZE / 10000)%10)),
  ('0' + ((SIZE / 1000)%10)),
  ('0' + ((SIZE / 100)%10)),
  ('0' + ((SIZE / 10)%10)),
  ('0' +  (SIZE    % 10)),
  ']',
#ifdef KEY
  ' ','k','e','y','[', KEY, ']',
#endif
  '\0'};

#ifdef __CLASSIC_C__
int main(argc, argv) int argc; char *argv[];
#else
int main(int argc, char *argv[])
#endif
{
  int require = 0;
  require += info_size[argc];
  (void)argv;
  return require;
}


Determining size of int8 failed with the following output:
Change Dir: /home/clme1717/Git/dbAccess/libs/mariadb/mariadb-connector-c-3.0.2-src/CMakeFiles/CMakeTmp

Run Build Command:"/usr/bin/make" "cmTC_a7009/fast"
/usr/bin/make -f CMakeFiles/cmTC_a7009.dir/build.make CMakeFiles/cmTC_a7009.dir/build
make[1]: Entering directory '/home/clme1717/Git/dbAccess/libs/mariadb/mariadb-connector-c-3.0.2-src/CMakeFiles/CMakeTmp'
Building C object CMakeFiles/cmTC_a7009.dir/SIZEOF_INT8.c.o
/usr/bin/cc   -I/home/clme1717/Git/dbAccess/libs/mariadb/mariadb-connector-c-3.0.2-src/CMakeFiles/CMakeTmp/pthread.h  -Wunused -Wno-uninitialized -Wall -Wextra -Wformat-security -Wno-init-self -Wwrite-strings -Wshift-count-overflow -Wdeclaration-after-statement    -o CMakeFiles/cmTC_a7009.dir/SIZEOF_INT8.c.o   -c /home/clme1717/Git/dbAccess/libs/mariadb/mariadb-connector-c-3.0.2-src/CMakeFiles/CheckTypeSize/SIZEOF_INT8.c
/home/clme1717/Git/dbAccess/libs/mariadb/mariadb-connector-c-3.0.2-src/CMakeFiles/CheckTypeSize/SIZEOF_INT8.c:18:22: error: ‘int8’ undeclared here (not in a function)
 #define SIZE (sizeof(int8))
                      ^
/home/clme1717/Git/dbAccess/libs/mariadb/mariadb-connector-c-3.0.2-src/CMakeFiles/CheckTypeSize/SIZEOF_INT8.c:20:12: note: in expansion of macro ‘SIZE’
   ('0' + ((SIZE / 10000)%10)),
            ^
CMakeFiles/cmTC_a7009.dir/build.make:65: recipe for target 'CMakeFiles/cmTC_a7009.dir/SIZEOF_INT8.c.o' failed
make[1]: *** [CMakeFiles/cmTC_a7009.dir/SIZEOF_INT8.c.o] Error 1
make[1]: Leaving directory '/home/clme1717/Git/dbAccess/libs/mariadb/mariadb-connector-c-3.0.2-src/CMakeFiles/CMakeTmp'
Makefile:126: recipe for target 'cmTC_a7009/fast' failed
make: *** [cmTC_a7009/fast] Error 2

/home/clme1717/Git/dbAccess/libs/mariadb/mariadb-connector-c-3.0.2-src/CMakeFiles/CheckTypeSize/SIZEOF_INT8.c:
#include <sys/types.h>
#include <stdint.h>
#include <stddef.h>
#include "sys/types.h"


#undef KEY
#if defined(__i386)
# define KEY '_','_','i','3','8','6'
#elif defined(__x86_64)
# define KEY '_','_','x','8','6','_','6','4'
#elif defined(__ppc__)
# define KEY '_','_','p','p','c','_','_'
#elif defined(__ppc64__)
# define KEY '_','_','p','p','c','6','4','_','_'
#endif

#define SIZE (sizeof(int8))
char info_size[] =  {'I', 'N', 'F', 'O', ':', 's','i','z','e','[',
  ('0' + ((SIZE / 10000)%10)),
  ('0' + ((SIZE / 1000)%10)),
  ('0' + ((SIZE / 100)%10)),
  ('0' + ((SIZE / 10)%10)),
  ('0' +  (SIZE    % 10)),
  ']',
#ifdef KEY
  ' ','k','e','y','[', KEY, ']',
#endif
  '\0'};

#ifdef __CLASSIC_C__
int main(argc, argv) int argc; char *argv[];
#else
int main(int argc, char *argv[])
#endif
{
  int require = 0;
  require += info_size[argc];
  (void)argv;
  return require;
}


Determining size of uint8 failed with the following output:
Change Dir: /home/clme1717/Git/dbAccess/libs/mariadb/mariadb-connector-c-3.0.2-src/CMakeFiles/CMakeTmp

Run Build Command:"/usr/bin/make" "cmTC_49ec4/fast"
/usr/bin/make -f CMakeFiles/cmTC_49ec4.dir/build.make CMakeFiles/cmTC_49ec4.dir/build
make[1]: Entering directory '/home/clme1717/Git/dbAccess/libs/mariadb/mariadb-connector-c-3.0.2-src/CMakeFiles/CMakeTmp'
Building C object CMakeFiles/cmTC_49ec4.dir/SIZEOF_UINT8.c.o
/usr/bin/cc   -I/home/clme1717/Git/dbAccess/libs/mariadb/mariadb-connector-c-3.0.2-src/CMakeFiles/CMakeTmp/pthread.h  -Wunused -Wno-uninitialized -Wall -Wextra -Wformat-security -Wno-init-self -Wwrite-strings -Wshift-count-overflow -Wdeclaration-after-statement    -o CMakeFiles/cmTC_49ec4.dir/SIZEOF_UINT8.c.o   -c /home/clme1717/Git/dbAccess/libs/mariadb/mariadb-connector-c-3.0.2-src/CMakeFiles/CheckTypeSize/SIZEOF_UINT8.c
/home/clme1717/Git/dbAccess/libs/mariadb/mariadb-connector-c-3.0.2-src/CMakeFiles/CheckTypeSize/SIZEOF_UINT8.c:18:22: error: ‘uint8’ undeclared here (not in a function)
 #define SIZE (sizeof(uint8))
                      ^
/home/clme1717/Git/dbAccess/libs/mariadb/mariadb-connector-c-3.0.2-src/CMakeFiles/CheckTypeSize/SIZEOF_UINT8.c:20:12: note: in expansion of macro ‘SIZE’
   ('0' + ((SIZE / 10000)%10)),
            ^
CMakeFiles/cmTC_49ec4.dir/build.make:65: recipe for target 'CMakeFiles/cmTC_49ec4.dir/SIZEOF_UINT8.c.o' failed
make[1]: *** [CMakeFiles/cmTC_49ec4.dir/SIZEOF_UINT8.c.o] Error 1
make[1]: Leaving directory '/home/clme1717/Git/dbAccess/libs/mariadb/mariadb-connector-c-3.0.2-src/CMakeFiles/CMakeTmp'
Makefile:126: recipe for target 'cmTC_49ec4/fast' failed
make: *** [cmTC_49ec4/fast] Error 2

/home/clme1717/Git/dbAccess/libs/mariadb/mariadb-connector-c-3.0.2-src/CMakeFiles/CheckTypeSize/SIZEOF_UINT8.c:
#include <sys/types.h>
#include <stdint.h>
#include <stddef.h>
#include "sys/types.h"


#undef KEY
#if defined(__i386)
# define KEY '_','_','i','3','8','6'
#elif defined(__x86_64)
# define KEY '_','_','x','8','6','_','6','4'
#elif defined(__ppc__)
# define KEY '_','_','p','p','c','_','_'
#elif defined(__ppc64__)
# define KEY '_','_','p','p','c','6','4','_','_'
#endif

#define SIZE (sizeof(uint8))
char info_size[] =  {'I', 'N', 'F', 'O', ':', 's','i','z','e','[',
  ('0' + ((SIZE / 10000)%10)),
  ('0' + ((SIZE / 1000)%10)),
  ('0' + ((SIZE / 100)%10)),
  ('0' + ((SIZE / 10)%10)),
  ('0' +  (SIZE    % 10)),
  ']',
#ifdef KEY
  ' ','k','e','y','[', KEY, ']',
#endif
  '\0'};

#ifdef __CLASSIC_C__
int main(argc, argv) int argc; char *argv[];
#else
int main(int argc, char *argv[])
#endif
{
  int require = 0;
  require += info_size[argc];
  (void)argv;
  return require;
}


Determining size of int16 failed with the following output:
Change Dir: /home/clme1717/Git/dbAccess/libs/mariadb/mariadb-connector-c-3.0.2-src/CMakeFiles/CMakeTmp

Run Build Command:"/usr/bin/make" "cmTC_26c2f/fast"
/usr/bin/make -f CMakeFiles/cmTC_26c2f.dir/build.make CMakeFiles/cmTC_26c2f.dir/build
make[1]: Entering directory '/home/clme1717/Git/dbAccess/libs/mariadb/mariadb-connector-c-3.0.2-src/CMakeFiles/CMakeTmp'
Building C object CMakeFiles/cmTC_26c2f.dir/SIZEOF_INT16.c.o
/usr/bin/cc   -I/home/clme1717/Git/dbAccess/libs/mariadb/mariadb-connector-c-3.0.2-src/CMakeFiles/CMakeTmp/pthread.h  -Wunused -Wno-uninitialized -Wall -Wextra -Wformat-security -Wno-init-self -Wwrite-strings -Wshift-count-overflow -Wdeclaration-after-statement    -o CMakeFiles/cmTC_26c2f.dir/SIZEOF_INT16.c.o   -c /home/clme1717/Git/dbAccess/libs/mariadb/mariadb-connector-c-3.0.2-src/CMakeFiles/CheckTypeSize/SIZEOF_INT16.c
/home/clme1717/Git/dbAccess/libs/mariadb/mariadb-connector-c-3.0.2-src/CMakeFiles/CheckTypeSize/SIZEOF_INT16.c:18:22: error: ‘int16’ undeclared here (not in a function)
 #define SIZE (sizeof(int16))
                      ^
/home/clme1717/Git/dbAccess/libs/mariadb/mariadb-connector-c-3.0.2-src/CMakeFiles/CheckTypeSize/SIZEOF_INT16.c:20:12: note: in expansion of macro ‘SIZE’
   ('0' + ((SIZE / 10000)%10)),
            ^
CMakeFiles/cmTC_26c2f.dir/build.make:65: recipe for target 'CMakeFiles/cmTC_26c2f.dir/SIZEOF_INT16.c.o' failed
make[1]: *** [CMakeFiles/cmTC_26c2f.dir/SIZEOF_INT16.c.o] Error 1
make[1]: Leaving directory '/home/clme1717/Git/dbAccess/libs/mariadb/mariadb-connector-c-3.0.2-src/CMakeFiles/CMakeTmp'
Makefile:126: recipe for target 'cmTC_26c2f/fast' failed
make: *** [cmTC_26c2f/fast] Error 2

/home/clme1717/Git/dbAccess/libs/mariadb/mariadb-connector-c-3.0.2-src/CMakeFiles/CheckTypeSize/SIZEOF_INT16.c:
#include <sys/types.h>
#include <stdint.h>
#include <stddef.h>
#include "sys/types.h"


#undef KEY
#if defined(__i386)
# define KEY '_','_','i','3','8','6'
#elif defined(__x86_64)
# define KEY '_','_','x','8','6','_','6','4'
#elif defined(__ppc__)
# define KEY '_','_','p','p','c','_','_'
#elif defined(__ppc64__)
# define KEY '_','_','p','p','c','6','4','_','_'
#endif

#define SIZE (sizeof(int16))
char info_size[] =  {'I', 'N', 'F', 'O', ':', 's','i','z','e','[',
  ('0' + ((SIZE / 10000)%10)),
  ('0' + ((SIZE / 1000)%10)),
  ('0' + ((SIZE / 100)%10)),
  ('0' + ((SIZE / 10)%10)),
  ('0' +  (SIZE    % 10)),
  ']',
#ifdef KEY
  ' ','k','e','y','[', KEY, ']',
#endif
  '\0'};

#ifdef __CLASSIC_C__
int main(argc, argv) int argc; char *argv[];
#else
int main(int argc, char *argv[])
#endif
{
  int require = 0;
  require += info_size[argc];
  (void)argv;
  return require;
}


Determining size of uint16 failed with the following output:
Change Dir: /home/clme1717/Git/dbAccess/libs/mariadb/mariadb-connector-c-3.0.2-src/CMakeFiles/CMakeTmp

Run Build Command:"/usr/bin/make" "cmTC_482e9/fast"
/usr/bin/make -f CMakeFiles/cmTC_482e9.dir/build.make CMakeFiles/cmTC_482e9.dir/build
make[1]: Entering directory '/home/clme1717/Git/dbAccess/libs/mariadb/mariadb-connector-c-3.0.2-src/CMakeFiles/CMakeTmp'
Building C object CMakeFiles/cmTC_482e9.dir/SIZEOF_UINT16.c.o
/usr/bin/cc   -I/home/clme1717/Git/dbAccess/libs/mariadb/mariadb-connector-c-3.0.2-src/CMakeFiles/CMakeTmp/pthread.h  -Wunused -Wno-uninitialized -Wall -Wextra -Wformat-security -Wno-init-self -Wwrite-strings -Wshift-count-overflow -Wdeclaration-after-statement    -o CMakeFiles/cmTC_482e9.dir/SIZEOF_UINT16.c.o   -c /home/clme1717/Git/dbAccess/libs/mariadb/mariadb-connector-c-3.0.2-src/CMakeFiles/CheckTypeSize/SIZEOF_UINT16.c
/home/clme1717/Git/dbAccess/libs/mariadb/mariadb-connector-c-3.0.2-src/CMakeFiles/CheckTypeSize/SIZEOF_UINT16.c:18:22: error: ‘uint16’ undeclared here (not in a function)
 #define SIZE (sizeof(uint16))
                      ^
/home/clme1717/Git/dbAccess/libs/mariadb/mariadb-connector-c-3.0.2-src/CMakeFiles/CheckTypeSize/SIZEOF_UINT16.c:20:12: note: in expansion of macro ‘SIZE’
   ('0' + ((SIZE / 10000)%10)),
            ^
CMakeFiles/cmTC_482e9.dir/build.make:65: recipe for target 'CMakeFiles/cmTC_482e9.dir/SIZEOF_UINT16.c.o' failed
make[1]: *** [CMakeFiles/cmTC_482e9.dir/SIZEOF_UINT16.c.o] Error 1
make[1]: Leaving directory '/home/clme1717/Git/dbAccess/libs/mariadb/mariadb-connector-c-3.0.2-src/CMakeFiles/CMakeTmp'
Makefile:126: recipe for target 'cmTC_482e9/fast' failed
make: *** [cmTC_482e9/fast] Error 2

/home/clme1717/Git/dbAccess/libs/mariadb/mariadb-connector-c-3.0.2-src/CMakeFiles/CheckTypeSize/SIZEOF_UINT16.c:
#include <sys/types.h>
#include <stdint.h>
#include <stddef.h>
#include "sys/types.h"


#undef KEY
#if defined(__i386)
# define KEY '_','_','i','3','8','6'
#elif defined(__x86_64)
# define KEY '_','_','x','8','6','_','6','4'
#elif defined(__ppc__)
# define KEY '_','_','p','p','c','_','_'
#elif defined(__ppc64__)
# define KEY '_','_','p','p','c','6','4','_','_'
#endif

#define SIZE (sizeof(uint16))
char info_size[] =  {'I', 'N', 'F', 'O', ':', 's','i','z','e','[',
  ('0' + ((SIZE / 10000)%10)),
  ('0' + ((SIZE / 1000)%10)),
  ('0' + ((SIZE / 100)%10)),
  ('0' + ((SIZE / 10)%10)),
  ('0' +  (SIZE    % 10)),
  ']',
#ifdef KEY
  ' ','k','e','y','[', KEY, ']',
#endif
  '\0'};

#ifdef __CLASSIC_C__
int main(argc, argv) int argc; char *argv[];
#else
int main(int argc, char *argv[])
#endif
{
  int require = 0;
  require += info_size[argc];
  (void)argv;
  return require;
}


Determining size of int32 failed with the following output:
Change Dir: /home/clme1717/Git/dbAccess/libs/mariadb/mariadb-connector-c-3.0.2-src/CMakeFiles/CMakeTmp

Run Build Command:"/usr/bin/make" "cmTC_ab507/fast"
/usr/bin/make -f CMakeFiles/cmTC_ab507.dir/build.make CMakeFiles/cmTC_ab507.dir/build
make[1]: Entering directory '/home/clme1717/Git/dbAccess/libs/mariadb/mariadb-connector-c-3.0.2-src/CMakeFiles/CMakeTmp'
Building C object CMakeFiles/cmTC_ab507.dir/SIZEOF_INT32.c.o
/usr/bin/cc   -I/home/clme1717/Git/dbAccess/libs/mariadb/mariadb-connector-c-3.0.2-src/CMakeFiles/CMakeTmp/pthread.h  -Wunused -Wno-uninitialized -Wall -Wextra -Wformat-security -Wno-init-self -Wwrite-strings -Wshift-count-overflow -Wdeclaration-after-statement    -o CMakeFiles/cmTC_ab507.dir/SIZEOF_INT32.c.o   -c /home/clme1717/Git/dbAccess/libs/mariadb/mariadb-connector-c-3.0.2-src/CMakeFiles/CheckTypeSize/SIZEOF_INT32.c
/home/clme1717/Git/dbAccess/libs/mariadb/mariadb-connector-c-3.0.2-src/CMakeFiles/CheckTypeSize/SIZEOF_INT32.c:18:22: error: ‘int32’ undeclared here (not in a function)
 #define SIZE (sizeof(int32))
                      ^
/home/clme1717/Git/dbAccess/libs/mariadb/mariadb-connector-c-3.0.2-src/CMakeFiles/CheckTypeSize/SIZEOF_INT32.c:20:12: note: in expansion of macro ‘SIZE’
   ('0' + ((SIZE / 10000)%10)),
            ^
CMakeFiles/cmTC_ab507.dir/build.make:65: recipe for target 'CMakeFiles/cmTC_ab507.dir/SIZEOF_INT32.c.o' failed
make[1]: *** [CMakeFiles/cmTC_ab507.dir/SIZEOF_INT32.c.o] Error 1
make[1]: Leaving directory '/home/clme1717/Git/dbAccess/libs/mariadb/mariadb-connector-c-3.0.2-src/CMakeFiles/CMakeTmp'
Makefile:126: recipe for target 'cmTC_ab507/fast' failed
make: *** [cmTC_ab507/fast] Error 2

/home/clme1717/Git/dbAccess/libs/mariadb/mariadb-connector-c-3.0.2-src/CMakeFiles/CheckTypeSize/SIZEOF_INT32.c:
#include <sys/types.h>
#include <stdint.h>
#include <stddef.h>
#include "sys/types.h"


#undef KEY
#if defined(__i386)
# define KEY '_','_','i','3','8','6'
#elif defined(__x86_64)
# define KEY '_','_','x','8','6','_','6','4'
#elif defined(__ppc__)
# define KEY '_','_','p','p','c','_','_'
#elif defined(__ppc64__)
# define KEY '_','_','p','p','c','6','4','_','_'
#endif

#define SIZE (sizeof(int32))
char info_size[] =  {'I', 'N', 'F', 'O', ':', 's','i','z','e','[',
  ('0' + ((SIZE / 10000)%10)),
  ('0' + ((SIZE / 1000)%10)),
  ('0' + ((SIZE / 100)%10)),
  ('0' + ((SIZE / 10)%10)),
  ('0' +  (SIZE    % 10)),
  ']',
#ifdef KEY
  ' ','k','e','y','[', KEY, ']',
#endif
  '\0'};

#ifdef __CLASSIC_C__
int main(argc, argv) int argc; char *argv[];
#else
int main(int argc, char *argv[])
#endif
{
  int require = 0;
  require += info_size[argc];
  (void)argv;
  return require;
}


Determining size of uint32 failed with the following output:
Change Dir: /home/clme1717/Git/dbAccess/libs/mariadb/mariadb-connector-c-3.0.2-src/CMakeFiles/CMakeTmp

Run Build Command:"/usr/bin/make" "cmTC_3df4d/fast"
/usr/bin/make -f CMakeFiles/cmTC_3df4d.dir/build.make CMakeFiles/cmTC_3df4d.dir/build
make[1]: Entering directory '/home/clme1717/Git/dbAccess/libs/mariadb/mariadb-connector-c-3.0.2-src/CMakeFiles/CMakeTmp'
Building C object CMakeFiles/cmTC_3df4d.dir/SIZEOF_UINT32.c.o
/usr/bin/cc   -I/home/clme1717/Git/dbAccess/libs/mariadb/mariadb-connector-c-3.0.2-src/CMakeFiles/CMakeTmp/pthread.h  -Wunused -Wno-uninitialized -Wall -Wextra -Wformat-security -Wno-init-self -Wwrite-strings -Wshift-count-overflow -Wdeclaration-after-statement    -o CMakeFiles/cmTC_3df4d.dir/SIZEOF_UINT32.c.o   -c /home/clme1717/Git/dbAccess/libs/mariadb/mariadb-connector-c-3.0.2-src/CMakeFiles/CheckTypeSize/SIZEOF_UINT32.c
/home/clme1717/Git/dbAccess/libs/mariadb/mariadb-connector-c-3.0.2-src/CMakeFiles/CheckTypeSize/SIZEOF_UINT32.c:18:22: error: ‘uint32’ undeclared here (not in a function)
 #define SIZE (sizeof(uint32))
                      ^
/home/clme1717/Git/dbAccess/libs/mariadb/mariadb-connector-c-3.0.2-src/CMakeFiles/CheckTypeSize/SIZEOF_UINT32.c:20:12: note: in expansion of macro ‘SIZE’
   ('0' + ((SIZE / 10000)%10)),
            ^
CMakeFiles/cmTC_3df4d.dir/build.make:65: recipe for target 'CMakeFiles/cmTC_3df4d.dir/SIZEOF_UINT32.c.o' failed
make[1]: *** [CMakeFiles/cmTC_3df4d.dir/SIZEOF_UINT32.c.o] Error 1
make[1]: Leaving directory '/home/clme1717/Git/dbAccess/libs/mariadb/mariadb-connector-c-3.0.2-src/CMakeFiles/CMakeTmp'
Makefile:126: recipe for target 'cmTC_3df4d/fast' failed
make: *** [cmTC_3df4d/fast] Error 2

/home/clme1717/Git/dbAccess/libs/mariadb/mariadb-connector-c-3.0.2-src/CMakeFiles/CheckTypeSize/SIZEOF_UINT32.c:
#include <sys/types.h>
#include <stdint.h>
#include <stddef.h>
#include "sys/types.h"


#undef KEY
#if defined(__i386)
# define KEY '_','_','i','3','8','6'
#elif defined(__x86_64)
# define KEY '_','_','x','8','6','_','6','4'
#elif defined(__ppc__)
# define KEY '_','_','p','p','c','_','_'
#elif defined(__ppc64__)
# define KEY '_','_','p','p','c','6','4','_','_'
#endif

#define SIZE (sizeof(uint32))
char info_size[] =  {'I', 'N', 'F', 'O', ':', 's','i','z','e','[',
  ('0' + ((SIZE / 10000)%10)),
  ('0' + ((SIZE / 1000)%10)),
  ('0' + ((SIZE / 100)%10)),
  ('0' + ((SIZE / 10)%10)),
  ('0' +  (SIZE    % 10)),
  ']',
#ifdef KEY
  ' ','k','e','y','[', KEY, ']',
#endif
  '\0'};

#ifdef __CLASSIC_C__
int main(argc, argv) int argc; char *argv[];
#else
int main(int argc, char *argv[])
#endif
{
  int require = 0;
  require += info_size[argc];
  (void)argv;
  return require;
}


Determining size of int64 failed with the following output:
Change Dir: /home/clme1717/Git/dbAccess/libs/mariadb/mariadb-connector-c-3.0.2-src/CMakeFiles/CMakeTmp

Run Build Command:"/usr/bin/make" "cmTC_a5479/fast"
/usr/bin/make -f CMakeFiles/cmTC_a5479.dir/build.make CMakeFiles/cmTC_a5479.dir/build
make[1]: Entering directory '/home/clme1717/Git/dbAccess/libs/mariadb/mariadb-connector-c-3.0.2-src/CMakeFiles/CMakeTmp'
Building C object CMakeFiles/cmTC_a5479.dir/SIZEOF_INT64.c.o
/usr/bin/cc   -I/home/clme1717/Git/dbAccess/libs/mariadb/mariadb-connector-c-3.0.2-src/CMakeFiles/CMakeTmp/pthread.h  -Wunused -Wno-uninitialized -Wall -Wextra -Wformat-security -Wno-init-self -Wwrite-strings -Wshift-count-overflow -Wdeclaration-after-statement    -o CMakeFiles/cmTC_a5479.dir/SIZEOF_INT64.c.o   -c /home/clme1717/Git/dbAccess/libs/mariadb/mariadb-connector-c-3.0.2-src/CMakeFiles/CheckTypeSize/SIZEOF_INT64.c
/home/clme1717/Git/dbAccess/libs/mariadb/mariadb-connector-c-3.0.2-src/CMakeFiles/CheckTypeSize/SIZEOF_INT64.c:18:22: error: ‘int64’ undeclared here (not in a function)
 #define SIZE (sizeof(int64))
                      ^
/home/clme1717/Git/dbAccess/libs/mariadb/mariadb-connector-c-3.0.2-src/CMakeFiles/CheckTypeSize/SIZEOF_INT64.c:20:12: note: in expansion of macro ‘SIZE’
   ('0' + ((SIZE / 10000)%10)),
            ^
CMakeFiles/cmTC_a5479.dir/build.make:65: recipe for target 'CMakeFiles/cmTC_a5479.dir/SIZEOF_INT64.c.o' failed
make[1]: *** [CMakeFiles/cmTC_a5479.dir/SIZEOF_INT64.c.o] Error 1
make[1]: Leaving directory '/home/clme1717/Git/dbAccess/libs/mariadb/mariadb-connector-c-3.0.2-src/CMakeFiles/CMakeTmp'
Makefile:126: recipe for target 'cmTC_a5479/fast' failed
make: *** [cmTC_a5479/fast] Error 2

/home/clme1717/Git/dbAccess/libs/mariadb/mariadb-connector-c-3.0.2-src/CMakeFiles/CheckTypeSize/SIZEOF_INT64.c:
#include <sys/types.h>
#include <stdint.h>
#include <stddef.h>
#include "sys/types.h"


#undef KEY
#if defined(__i386)
# define KEY '_','_','i','3','8','6'
#elif defined(__x86_64)
# define KEY '_','_','x','8','6','_','6','4'
#elif defined(__ppc__)
# define KEY '_','_','p','p','c','_','_'
#elif defined(__ppc64__)
# define KEY '_','_','p','p','c','6','4','_','_'
#endif

#define SIZE (sizeof(int64))
char info_size[] =  {'I', 'N', 'F', 'O', ':', 's','i','z','e','[',
  ('0' + ((SIZE / 10000)%10)),
  ('0' + ((SIZE / 1000)%10)),
  ('0' + ((SIZE / 100)%10)),
  ('0' + ((SIZE / 10)%10)),
  ('0' +  (SIZE    % 10)),
  ']',
#ifdef KEY
  ' ','k','e','y','[', KEY, ']',
#endif
  '\0'};

#ifdef __CLASSIC_C__
int main(argc, argv) int argc; char *argv[];
#else
int main(int argc, char *argv[])
#endif
{
  int require = 0;
  require += info_size[argc];
  (void)argv;
  return require;
}


Determining size of uint64 failed with the following output:
Change Dir: /home/clme1717/Git/dbAccess/libs/mariadb/mariadb-connector-c-3.0.2-src/CMakeFiles/CMakeTmp

Run Build Command:"/usr/bin/make" "cmTC_ae43a/fast"
/usr/bin/make -f CMakeFiles/cmTC_ae43a.dir/build.make CMakeFiles/cmTC_ae43a.dir/build
make[1]: Entering directory '/home/clme1717/Git/dbAccess/libs/mariadb/mariadb-connector-c-3.0.2-src/CMakeFiles/CMakeTmp'
Building C object CMakeFiles/cmTC_ae43a.dir/SIZEOF_UINT64.c.o
/usr/bin/cc   -I/home/clme1717/Git/dbAccess/libs/mariadb/mariadb-connector-c-3.0.2-src/CMakeFiles/CMakeTmp/pthread.h  -Wunused -Wno-uninitialized -Wall -Wextra -Wformat-security -Wno-init-self -Wwrite-strings -Wshift-count-overflow -Wdeclaration-after-statement    -o CMakeFiles/cmTC_ae43a.dir/SIZEOF_UINT64.c.o   -c /home/clme1717/Git/dbAccess/libs/mariadb/mariadb-connector-c-3.0.2-src/CMakeFiles/CheckTypeSize/SIZEOF_UINT64.c
/home/clme1717/Git/dbAccess/libs/mariadb/mariadb-connector-c-3.0.2-src/CMakeFiles/CheckTypeSize/SIZEOF_UINT64.c:18:22: error: ‘uint64’ undeclared here (not in a function)
 #define SIZE (sizeof(uint64))
                      ^
/home/clme1717/Git/dbAccess/libs/mariadb/mariadb-connector-c-3.0.2-src/CMakeFiles/CheckTypeSize/SIZEOF_UINT64.c:20:12: note: in expansion of macro ‘SIZE’
   ('0' + ((SIZE / 10000)%10)),
            ^
CMakeFiles/cmTC_ae43a.dir/build.make:65: recipe for target 'CMakeFiles/cmTC_ae43a.dir/SIZEOF_UINT64.c.o' failed
make[1]: *** [CMakeFiles/cmTC_ae43a.dir/SIZEOF_UINT64.c.o] Error 1
make[1]: Leaving directory '/home/clme1717/Git/dbAccess/libs/mariadb/mariadb-connector-c-3.0.2-src/CMakeFiles/CMakeTmp'
Makefile:126: recipe for target 'cmTC_ae43a/fast' failed
make: *** [cmTC_ae43a/fast] Error 2

/home/clme1717/Git/dbAccess/libs/mariadb/mariadb-connector-c-3.0.2-src/CMakeFiles/CheckTypeSize/SIZEOF_UINT64.c:
#include <sys/types.h>
#include <stdint.h>
#include <stddef.h>
#include "sys/types.h"


#undef KEY
#if defined(__i386)
# define KEY '_','_','i','3','8','6'
#elif defined(__x86_64)
# define KEY '_','_','x','8','6','_','6','4'
#elif defined(__ppc__)
# define KEY '_','_','p','p','c','_','_'
#elif defined(__ppc64__)
# define KEY '_','_','p','p','c','6','4','_','_'
#endif

#define SIZE (sizeof(uint64))
char info_size[] =  {'I', 'N', 'F', 'O', ':', 's','i','z','e','[',
  ('0' + ((SIZE / 10000)%10)),
  ('0' + ((SIZE / 1000)%10)),
  ('0' + ((SIZE / 100)%10)),
  ('0' + ((SIZE / 10)%10)),
  ('0' +  (SIZE    % 10)),
  ']',
#ifdef KEY
  ' ','k','e','y','[', KEY, ']',
#endif
  '\0'};

#ifdef __CLASSIC_C__
int main(argc, argv) int argc; char *argv[];
#else
int main(int argc, char *argv[])
#endif
{
  int require = 0;
  require += info_size[argc];
  (void)argv;
  return require;
}


Determining size of socklen_t failed with the following output:
Change Dir: /home/clme1717/Git/dbAccess/libs/mariadb/mariadb-connector-c-3.0.2-src/CMakeFiles/CMakeTmp

Run Build Command:"/usr/bin/make" "cmTC_0e631/fast"
/usr/bin/make -f CMakeFiles/cmTC_0e631.dir/build.make CMakeFiles/cmTC_0e631.dir/build
make[1]: Entering directory '/home/clme1717/Git/dbAccess/libs/mariadb/mariadb-connector-c-3.0.2-src/CMakeFiles/CMakeTmp'
Building C object CMakeFiles/cmTC_0e631.dir/SIZEOF_SOCKLEN_T.c.o
/usr/bin/cc   -I/home/clme1717/Git/dbAccess/libs/mariadb/mariadb-connector-c-3.0.2-src/CMakeFiles/CMakeTmp/pthread.h  -Wunused -Wno-uninitialized -Wall -Wextra -Wformat-security -Wno-init-self -Wwrite-strings -Wshift-count-overflow -Wdeclaration-after-statement    -o CMakeFiles/cmTC_0e631.dir/SIZEOF_SOCKLEN_T.c.o   -c /home/clme1717/Git/dbAccess/libs/mariadb/mariadb-connector-c-3.0.2-src/CMakeFiles/CheckTypeSize/SIZEOF_SOCKLEN_T.c
/home/clme1717/Git/dbAccess/libs/mariadb/mariadb-connector-c-3.0.2-src/CMakeFiles/CheckTypeSize/SIZEOF_SOCKLEN_T.c:18:22: error: ‘socklen_t’ undeclared here (not in a function)
 #define SIZE (sizeof(socklen_t))
                      ^
/home/clme1717/Git/dbAccess/libs/mariadb/mariadb-connector-c-3.0.2-src/CMakeFiles/CheckTypeSize/SIZEOF_SOCKLEN_T.c:20:12: note: in expansion of macro ‘SIZE’
   ('0' + ((SIZE / 10000)%10)),
            ^
CMakeFiles/cmTC_0e631.dir/build.make:65: recipe for target 'CMakeFiles/cmTC_0e631.dir/SIZEOF_SOCKLEN_T.c.o' failed
make[1]: *** [CMakeFiles/cmTC_0e631.dir/SIZEOF_SOCKLEN_T.c.o] Error 1
make[1]: Leaving directory '/home/clme1717/Git/dbAccess/libs/mariadb/mariadb-connector-c-3.0.2-src/CMakeFiles/CMakeTmp'
Makefile:126: recipe for target 'cmTC_0e631/fast' failed
make: *** [cmTC_0e631/fast] Error 2

/home/clme1717/Git/dbAccess/libs/mariadb/mariadb-connector-c-3.0.2-src/CMakeFiles/CheckTypeSize/SIZEOF_SOCKLEN_T.c:
#include <sys/types.h>
#include <stdint.h>
#include <stddef.h>
#include "sys/types.h"


#undef KEY
#if defined(__i386)
# define KEY '_','_','i','3','8','6'
#elif defined(__x86_64)
# define KEY '_','_','x','8','6','_','6','4'
#elif defined(__ppc__)
# define KEY '_','_','p','p','c','_','_'
#elif defined(__ppc64__)
# define KEY '_','_','p','p','c','6','4','_','_'
#endif

#define SIZE (sizeof(socklen_t))
char info_size[] =  {'I', 'N', 'F', 'O', ':', 's','i','z','e','[',
  ('0' + ((SIZE / 10000)%10)),
  ('0' + ((SIZE / 1000)%10)),
  ('0' + ((SIZE / 100)%10)),
  ('0' + ((SIZE / 10)%10)),
  ('0' +  (SIZE    % 10)),
  ']',
#ifdef KEY
  ' ','k','e','y','[', KEY, ']',
#endif
  '\0'};

#ifdef __CLASSIC_C__
int main(argc, argv) int argc; char *argv[];
#else
int main(int argc, char *argv[])
#endif
{
  int require = 0;
  require += info_size[argc];
  (void)argv;
  return require;
}


